{"/Users/Sutan/Documents/atask/src/App.tsx": {"path":"/Users/Sutan/Documents/atask/src/App.tsx","statementMap":{"0":{"start":{"line":1,"column":0},"end":{"line":1,"column":39}},"1":{"start":{"line":2,"column":0},"end":{"line":2,"column":32}},"2":{"start":{"line":3,"column":0},"end":{"line":3,"column":71}},"3":{"start":{"line":4,"column":0},"end":{"line":4,"column":75}},"4":{"start":{"line":5,"column":0},"end":{"line":5,"column":83}},"5":{"start":{"line":6,"column":0},"end":{"line":6,"column":59}},"6":{"start":{"line":7,"column":0},"end":{"line":7,"column":42}},"7":{"start":{"line":8,"column":0},"end":{"line":8,"column":65}},"8":{"start":{"line":11,"column":23},"end":{"line":11,"column":54}},"9":{"start":{"line":13,"column":2},"end":{"line":58,"column":4}},"10":{"start":{"line":62,"column":2},"end":{"line":66,"column":4}},"11":{"start":{"line":69,"column":0},"end":{"line":69,"column":19}}},"fnMap":{"0":{"name":"AppContent","decl":{"start":{"line":10,"column":9},"end":{"line":10,"column":19}},"loc":{"start":{"line":10,"column":19},"end":{"line":59,"column":1}}},"1":{"name":"App","decl":{"start":{"line":61,"column":9},"end":{"line":61,"column":12}},"loc":{"start":{"line":61,"column":12},"end":{"line":67,"column":1}}}},"branchMap":{"0":{"loc":{"start":{"line":23,"column":7},"end":{"line":55,"column":null}},"type":"cond-expr","locations":[{"start":{"line":24,"column":8},"end":{"line":43,"column":null}},{"start":{"line":46,"column":8},"end":{"line":54,"column":null}}]}},"s":{"0":1,"1":1,"2":1,"3":1,"4":1,"5":1,"6":1,"7":1,"8":3,"9":3,"10":3,"11":1},"f":{"0":3,"1":3},"b":{"0":[1,2]}}
,"/Users/Sutan/Documents/atask/src/api/github.ts": {"path":"/Users/Sutan/Documents/atask/src/api/github.ts","statementMap":{"0":{"start":{"line":7,"column":2},"end":{"line":9,"column":3}},"1":{"start":{"line":8,"column":4},"end":{"line":8,"column":57}},"2":{"start":{"line":11,"column":2},"end":{"line":13,"column":3}},"3":{"start":{"line":12,"column":4},"end":{"line":12,"column":24}},"4":{"start":{"line":15,"column":2},"end":{"line":19,"column":3}},"5":{"start":{"line":16,"column":4},"end":{"line":16,"column":45}},"6":{"start":{"line":18,"column":4},"end":{"line":18,"column":24}},"7":{"start":{"line":22,"column":22},"end":{"line":27,"column":2}},"8":{"start":{"line":22,"column":66},"end":{"line":27,"column":2}},"9":{"start":{"line":35,"column":4},"end":{"line":35,"column":19}},"10":{"start":{"line":32,"column":4},"end":{"line":32,"column":null}},"11":{"start":{"line":33,"column":4},"end":{"line":33,"column":null}},"12":{"start":{"line":36,"column":4},"end":{"line":36,"column":33}},"13":{"start":{"line":52,"column":25},"end":{"line":135,"column":2}},"14":{"start":{"line":54,"column":4},"end":{"line":79,"column":5}},"15":{"start":{"line":55,"column":22},"end":{"line":55,"column":44}},"16":{"start":{"line":56,"column":23},"end":{"line":59,"column":8}},"17":{"start":{"line":60,"column":6},"end":{"line":65,"column":10}},"18":{"start":{"line":60,"column":69},"end":{"line":65,"column":8}},"19":{"start":{"line":67,"column":6},"end":{"line":77,"column":7}},"20":{"start":{"line":68,"column":8},"end":{"line":70,"column":9}},"21":{"start":{"line":69,"column":10},"end":{"line":69,"column":22}},"22":{"start":{"line":71,"column":29},"end":{"line":71,"column":50}},"23":{"start":{"line":72,"column":8},"end":{"line":76,"column":10}},"24":{"start":{"line":78,"column":6},"end":{"line":78,"column":91}},"25":{"start":{"line":88,"column":4},"end":{"line":133,"column":5}},"26":{"start":{"line":89,"column":22},"end":{"line":89,"column":44}},"27":{"start":{"line":90,"column":23},"end":{"line":96,"column":8}},"28":{"start":{"line":98,"column":47},"end":{"line":111,"column":9}},"29":{"start":{"line":98,"column":99},"end":{"line":111,"column":8}},"30":{"start":{"line":113,"column":25},"end":{"line":113,"column":58}},"31":{"start":{"line":114,"column":20},"end":{"line":114,"column":90}},"32":{"start":{"line":116,"column":6},"end":{"line":119,"column":8}},"33":{"start":{"line":121,"column":6},"end":{"line":131,"column":7}},"34":{"start":{"line":122,"column":8},"end":{"line":124,"column":9}},"35":{"start":{"line":123,"column":10},"end":{"line":123,"column":22}},"36":{"start":{"line":125,"column":29},"end":{"line":125,"column":50}},"37":{"start":{"line":126,"column":8},"end":{"line":130,"column":10}},"38":{"start":{"line":132,"column":6},"end":{"line":132,"column":91}}},"fnMap":{"0":{"name":"getGithubToken","decl":{"start":{"line":6,"column":9},"end":{"line":6,"column":23}},"loc":{"start":{"line":6,"column":23},"end":{"line":20,"column":1}}},"1":{"name":"(anonymous_1)","decl":{"start":{"line":22,"column":22},"end":{"line":22,"column":23}},"loc":{"start":{"line":22,"column":66},"end":{"line":27,"column":2}}},"2":{"name":"(anonymous_2)","decl":{"start":{"line":30,"column":2},"end":{"line":30,"column":null}},"loc":{"start":{"line":33,"column":24},"end":{"line":37,"column":3}}},"3":{"name":"(anonymous_3)","decl":{"start":{"line":53,"column":2},"end":{"line":53,"column":7}},"loc":{"start":{"line":53,"column":73},"end":{"line":80,"column":3}}},"4":{"name":"(anonymous_4)","decl":{"start":{"line":60,"column":37},"end":{"line":60,"column":38}},"loc":{"start":{"line":60,"column":69},"end":{"line":65,"column":8}}},"5":{"name":"(anonymous_5)","decl":{"start":{"line":82,"column":2},"end":{"line":82,"column":7}},"loc":{"start":{"line":86,"column":42},"end":{"line":134,"column":3}}},"6":{"name":"(anonymous_6)","decl":{"start":{"line":98,"column":65},"end":{"line":98,"column":66}},"loc":{"start":{"line":98,"column":99},"end":{"line":111,"column":8}}}},"branchMap":{"0":{"loc":{"start":{"line":7,"column":2},"end":{"line":9,"column":3}},"type":"if","locations":[{"start":{"line":7,"column":2},"end":{"line":9,"column":3}}]},"1":{"loc":{"start":{"line":8,"column":11},"end":{"line":8,"column":56}},"type":"binary-expr","locations":[{"start":{"line":8,"column":11},"end":{"line":8,"column":40}},{"start":{"line":8,"column":44},"end":{"line":8,"column":56}}]},"2":{"loc":{"start":{"line":11,"column":2},"end":{"line":13,"column":3}},"type":"if","locations":[{"start":{"line":11,"column":2},"end":{"line":13,"column":3}}]},"3":{"loc":{"start":{"line":11,"column":6},"end":{"line":11,"column":66}},"type":"binary-expr","locations":[{"start":{"line":11,"column":6},"end":{"line":11,"column":36}},{"start":{"line":11,"column":40},"end":{"line":11,"column":66}}]},"4":{"loc":{"start":{"line":22,"column":23},"end":{"line":22,"column":61}},"type":"default-arg","locations":[{"start":{"line":22,"column":59},"end":{"line":22,"column":61}}]},"5":{"loc":{"start":{"line":53,"column":35},"end":{"line":53,"column":73}},"type":"default-arg","locations":[{"start":{"line":53,"column":71},"end":{"line":53,"column":73}}]},"6":{"loc":{"start":{"line":67,"column":6},"end":{"line":77,"column":7}},"type":"if","locations":[{"start":{"line":67,"column":6},"end":{"line":77,"column":7}}]},"7":{"loc":{"start":{"line":68,"column":8},"end":{"line":70,"column":9}},"type":"if","locations":[{"start":{"line":68,"column":8},"end":{"line":70,"column":9}}]},"8":{"loc":{"start":{"line":73,"column":10},"end":{"line":73,"column":91}},"type":"binary-expr","locations":[{"start":{"line":73,"column":10},"end":{"line":73,"column":46}},{"start":{"line":73,"column":50},"end":{"line":73,"column":63}},{"start":{"line":73,"column":67},"end":{"line":73,"column":91}}]},"9":{"loc":{"start":{"line":84,"column":4},"end":{"line":84,"column":20}},"type":"default-arg","locations":[{"start":{"line":84,"column":19},"end":{"line":84,"column":20}}]},"10":{"loc":{"start":{"line":85,"column":4},"end":{"line":85,"column":24}},"type":"default-arg","locations":[{"start":{"line":85,"column":22},"end":{"line":85,"column":24}}]},"11":{"loc":{"start":{"line":86,"column":4},"end":{"line":86,"column":42}},"type":"default-arg","locations":[{"start":{"line":86,"column":40},"end":{"line":86,"column":42}}]},"12":{"loc":{"start":{"line":104,"column":26},"end":{"line":104,"column":52}},"type":"binary-expr","locations":[{"start":{"line":104,"column":26},"end":{"line":104,"column":47}},{"start":{"line":104,"column":51},"end":{"line":104,"column":52}}]},"13":{"loc":{"start":{"line":105,"column":18},"end":{"line":105,"column":39}},"type":"binary-expr","locations":[{"start":{"line":105,"column":18},"end":{"line":105,"column":31}},{"start":{"line":105,"column":35},"end":{"line":105,"column":39}}]},"14":{"loc":{"start":{"line":106,"column":20},"end":{"line":106,"column":63}},"type":"binary-expr","locations":[{"start":{"line":106,"column":20},"end":{"line":106,"column":35}},{"start":{"line":106,"column":39},"end":{"line":106,"column":63}}]},"15":{"loc":{"start":{"line":114,"column":20},"end":{"line":114,"column":90}},"type":"cond-expr","locations":[{"start":{"line":114,"column":33},"end":{"line":114,"column":67}},{"start":{"line":114,"column":70},"end":{"line":114,"column":90}}]},"16":{"loc":{"start":{"line":121,"column":6},"end":{"line":131,"column":7}},"type":"if","locations":[{"start":{"line":121,"column":6},"end":{"line":131,"column":7}}]},"17":{"loc":{"start":{"line":122,"column":8},"end":{"line":124,"column":9}},"type":"if","locations":[{"start":{"line":122,"column":8},"end":{"line":124,"column":9}}]},"18":{"loc":{"start":{"line":127,"column":10},"end":{"line":127,"column":97}},"type":"binary-expr","locations":[{"start":{"line":127,"column":10},"end":{"line":127,"column":46}},{"start":{"line":127,"column":50},"end":{"line":127,"column":63}},{"start":{"line":127,"column":67},"end":{"line":127,"column":97}}]}},"s":{"0":0,"1":0,"2":0,"3":0,"4":0,"5":0,"6":0,"7":0,"8":0,"9":0,"10":0,"11":0,"12":0,"13":0,"14":0,"15":0,"16":0,"17":0,"18":0,"19":0,"20":0,"21":0,"22":0,"23":0,"24":0,"25":0,"26":0,"27":0,"28":0,"29":0,"30":0,"31":0,"32":0,"33":0,"34":0,"35":0,"36":0,"37":0,"38":0},"f":{"0":0,"1":0,"2":0,"3":0,"4":0,"5":0,"6":0},"b":{"0":[0],"1":[0,0],"2":[0],"3":[0,0],"4":[0],"5":[0],"6":[0],"7":[0],"8":[0,0,0],"9":[0],"10":[0],"11":[0],"12":[0,0],"13":[0,0],"14":[0,0],"15":[0,0],"16":[0],"17":[0],"18":[0,0,0]}}
,"/Users/Sutan/Documents/atask/src/components/ErrorBoundary.tsx": {"path":"/Users/Sutan/Documents/atask/src/components/ErrorBoundary.tsx","statementMap":{"0":{"start":{"line":1,"column":0},"end":{"line":1,"column":26}},"1":{"start":{"line":17,"column":4},"end":{"line":17,"column":17}},"2":{"start":{"line":47,"column":10},"end":{"line":53,"column":null}},"3":{"start":{"line":48,"column":4},"end":{"line":52,"column":7}},"4":{"start":{"line":18,"column":4},"end":{"line":22,"column":6}},"5":{"start":{"line":26,"column":4},"end":{"line":30,"column":6}},"6":{"start":{"line":34,"column":4},"end":{"line":34,"column":36}},"7":{"start":{"line":36,"column":4},"end":{"line":39,"column":7}},"8":{"start":{"line":43,"column":4},"end":{"line":43,"column":35}},"9":{"start":{"line":44,"column":4},"end":{"line":44,"column":44}},"10":{"start":{"line":56,"column":4},"end":{"line":78,"column":5}},"11":{"start":{"line":57,"column":6},"end":{"line":77,"column":8}},"12":{"start":{"line":80,"column":4},"end":{"line":80,"column":31}},"13":{"start":{"line":15,"column":0},"end":{"line":15,"column":13}}},"fnMap":{"0":{"name":"(anonymous_1)","decl":{"start":{"line":16,"column":2},"end":{"line":16,"column":14}},"loc":{"start":{"line":16,"column":26},"end":{"line":23,"column":3}}},"1":{"name":"(anonymous_2)","decl":{"start":{"line":47,"column":24},"end":{"line":47,"column":33}},"loc":{"start":{"line":47,"column":35},"end":{"line":53,"column":3}}},"2":{"name":"(anonymous_3)","decl":{"start":{"line":25,"column":2},"end":{"line":25,"column":8}},"loc":{"start":{"line":25,"column":46},"end":{"line":31,"column":3}}},"3":{"name":"(anonymous_4)","decl":{"start":{"line":33,"column":2},"end":{"line":33,"column":19}},"loc":{"start":{"line":33,"column":54},"end":{"line":40,"column":3}}},"4":{"name":"(anonymous_5)","decl":{"start":{"line":42,"column":10},"end":{"line":42,"column":18}},"loc":{"start":{"line":42,"column":53},"end":{"line":45,"column":3}}},"5":{"name":"(anonymous_6)","decl":{"start":{"line":55,"column":2},"end":{"line":55,"column":8}},"loc":{"start":{"line":55,"column":8},"end":{"line":81,"column":3}}}},"branchMap":{"0":{"loc":{"start":{"line":56,"column":4},"end":{"line":78,"column":5}},"type":"if","locations":[{"start":{"line":56,"column":4},"end":{"line":78,"column":5}}]},"1":{"loc":{"start":{"line":57,"column":13},"end":{"line":76,"column":null}},"type":"binary-expr","locations":[{"start":{"line":57,"column":13},"end":{"line":57,"column":32}},{"start":{"line":58,"column":8},"end":{"line":75,"column":null}}]},"2":{"loc":{"start":{"line":62,"column":15},"end":{"line":62,"column":74}},"type":"binary-expr","locations":[{"start":{"line":62,"column":15},"end":{"line":62,"column":40}},{"start":{"line":62,"column":44},"end":{"line":62,"column":74}}]},"3":{"loc":{"start":{"line":71,"column":11},"end":{"line":74,"column":null}},"type":"binary-expr","locations":[{"start":{"line":71,"column":11},"end":{"line":71,"column":49}},{"start":{"line":72,"column":12},"end":{"line":73,"column":null}}]}},"s":{"0":2,"1":3,"2":3,"3":0,"4":3,"5":0,"6":0,"7":0,"8":0,"9":0,"10":3,"11":0,"12":3,"13":2},"f":{"0":3,"1":0,"2":0,"3":0,"4":0,"5":3},"b":{"0":[0],"1":[0,0],"2":[0,0],"3":[0,0]}}
,"/Users/Sutan/Documents/atask/src/components/ui/Input.tsx": {"path":"/Users/Sutan/Documents/atask/src/components/ui/Input.tsx","statementMap":{"0":{"start":{"line":1,"column":0},"end":{"line":1,"column":56}},"1":{"start":{"line":2,"column":0},"end":{"line":2,"column":24}},"2":{"start":{"line":9,"column":13},"end":{"line":49,"column":2}},"3":{"start":{"line":11,"column":4},"end":{"line":47,"column":6}}},"fnMap":{"0":{"name":"(anonymous_1)","decl":{"start":{"line":10,"column":2},"end":{"line":10,"column":3}},"loc":{"start":{"line":10,"column":53},"end":{"line":48,"column":3}}}},"branchMap":{"0":{"loc":{"start":{"line":13,"column":9},"end":{"line":19,"column":null}},"type":"binary-expr","locations":[{"start":{"line":13,"column":9},"end":{"line":13,"column":14}},{"start":{"line":14,"column":10},"end":{"line":18,"column":null}}]},"1":{"loc":{"start":{"line":29,"column":14},"end":{"line":29,"column":59}},"type":"binary-expr","locations":[{"start":{"line":29,"column":14},"end":{"line":29,"column":19}},{"start":{"line":29,"column":23},"end":{"line":29,"column":59}}]},"2":{"loc":{"start":{"line":32,"column":26},"end":{"line":32,"column":50}},"type":"cond-expr","locations":[{"start":{"line":32,"column":34},"end":{"line":32,"column":40}},{"start":{"line":32,"column":43},"end":{"line":32,"column":50}}]},"3":{"loc":{"start":{"line":33,"column":30},"end":{"line":33,"column":63}},"type":"cond-expr","locations":[{"start":{"line":33,"column":38},"end":{"line":33,"column":51}},{"start":{"line":33,"column":54},"end":{"line":33,"column":63}}]},"4":{"loc":{"start":{"line":37,"column":9},"end":{"line":44,"column":null}},"type":"binary-expr","locations":[{"start":{"line":37,"column":9},"end":{"line":37,"column":14}},{"start":{"line":38,"column":10},"end":{"line":43,"column":null}}]}},"s":{"0":1,"1":1,"2":1,"3":17},"f":{"0":17},"b":{"0":[17,0],"1":[17,2],"2":[2,15],"3":[2,15],"4":[17,2]}}
,"/Users/Sutan/Documents/atask/src/components/ui/Skeleton.tsx": {"path":"/Users/Sutan/Documents/atask/src/components/ui/Skeleton.tsx","statementMap":{"0":{"start":{"line":2,"column":0},"end":{"line":2,"column":24}},"1":{"start":{"line":8,"column":24},"end":{"line":19,"column":1}},"2":{"start":{"line":9,"column":2},"end":{"line":18,"column":4}},"3":{"start":{"line":8,"column":13},"end":{"line":8,"column":24}}},"fnMap":{"0":{"name":"(anonymous_1)","decl":{"start":{"line":8,"column":24},"end":{"line":8,"column":25}},"loc":{"start":{"line":8,"column":67},"end":{"line":19,"column":1}}}},"branchMap":{},"s":{"0":4,"1":4,"2":27,"3":4},"f":{"0":27},"b":{}}
,"/Users/Sutan/Documents/atask/src/features/repositories/repositoriesSaga.ts": {"path":"/Users/Sutan/Documents/atask/src/features/repositories/repositoriesSaga.ts","statementMap":{"0":{"start":{"line":18,"column":26},"end":{"line":18,"column":78}},"1":{"start":{"line":18,"column":48},"end":{"line":18,"column":78}},"2":{"start":{"line":19,"column":22},"end":{"line":19,"column":70}},"3":{"start":{"line":19,"column":44},"end":{"line":19,"column":70}},"4":{"start":{"line":22,"column":26},"end":{"line":22,"column":47}},"5":{"start":{"line":24,"column":2},"end":{"line":90,"column":3}},"6":{"start":{"line":26,"column":4},"end":{"line":28,"column":5}},"7":{"start":{"line":27,"column":6},"end":{"line":27,"column":37}},"8":{"start":{"line":30,"column":32},"end":{"line":30,"column":63}},"9":{"start":{"line":31,"column":28},"end":{"line":31,"column":55}},"10":{"start":{"line":32,"column":44},"end":{"line":32,"column":76}},"11":{"start":{"line":34,"column":4},"end":{"line":36,"column":5}},"12":{"start":{"line":35,"column":6},"end":{"line":35,"column":42}},"13":{"start":{"line":38,"column":4},"end":{"line":38,"column":40}},"14":{"start":{"line":41,"column":6},"end":{"line":55,"column":8}},"15":{"start":{"line":42,"column":8},"end":{"line":54,"column":10}},"16":{"start":{"line":44,"column":16},"end":{"line":52,"column":null}},"17":{"start":{"line":57,"column":4},"end":{"line":63,"column":6}},"18":{"start":{"line":65,"column":4},"end":{"line":72,"column":5}},"19":{"start":{"line":66,"column":6},"end":{"line":70,"column":8}},"20":{"start":{"line":71,"column":6},"end":{"line":71,"column":13}},"21":{"start":{"line":74,"column":25},"end":{"line":74,"column":72}},"22":{"start":{"line":75,"column":4},"end":{"line":85,"column":6}},"23":{"start":{"line":87,"column":4},"end":{"line":87,"column":54}},"24":{"start":{"line":89,"column":4},"end":{"line":89,"column":28}},"25":{"start":{"line":94,"column":2},"end":{"line":94,"column":81}}},"fnMap":{"0":{"name":"(anonymous_0)","decl":{"start":{"line":18,"column":26},"end":{"line":18,"column":27}},"loc":{"start":{"line":18,"column":48},"end":{"line":18,"column":78}}},"1":{"name":"(anonymous_1)","decl":{"start":{"line":19,"column":22},"end":{"line":19,"column":23}},"loc":{"start":{"line":19,"column":44},"end":{"line":19,"column":70}}},"2":{"name":"handleFetchRepositories","decl":{"start":{"line":21,"column":10},"end":{"line":21,"column":33}},"loc":{"start":{"line":21,"column":60},"end":{"line":91,"column":1}}},"3":{"name":"(anonymous_3)","decl":{"start":{"line":41,"column":17},"end":{"line":41,"column":25}},"loc":{"start":{"line":41,"column":26},"end":{"line":55,"column":7}}},"4":{"name":"(anonymous_4)","decl":{"start":{"line":44,"column":10},"end":{"line":44,"column":13}},"loc":{"start":{"line":44,"column":16},"end":{"line":52,"column":null}}},"5":{"name":"repositoriesSaga","decl":{"start":{"line":93,"column":17},"end":{"line":93,"column":33}},"loc":{"start":{"line":93,"column":33},"end":{"line":95,"column":1}}}},"branchMap":{"0":{"loc":{"start":{"line":26,"column":4},"end":{"line":28,"column":5}},"type":"if","locations":[{"start":{"line":26,"column":4},"end":{"line":28,"column":5}}]},"1":{"loc":{"start":{"line":34,"column":4},"end":{"line":36,"column":5}},"type":"if","locations":[{"start":{"line":34,"column":4},"end":{"line":36,"column":5}}]},"2":{"loc":{"start":{"line":65,"column":4},"end":{"line":72,"column":5}},"type":"if","locations":[{"start":{"line":65,"column":4},"end":{"line":72,"column":5}}]},"3":{"loc":{"start":{"line":74,"column":25},"end":{"line":74,"column":72}},"type":"binary-expr","locations":[{"start":{"line":74,"column":25},"end":{"line":74,"column":38}},{"start":{"line":74,"column":42},"end":{"line":74,"column":72}}]},"4":{"loc":{"start":{"line":76,"column":6},"end":{"line":76,"column":62}},"type":"cond-expr","locations":[{"start":{"line":76,"column":31},"end":{"line":76,"column":36}},{"start":{"line":76,"column":39},"end":{"line":76,"column":62}}]}},"s":{"0":0,"1":0,"2":0,"3":0,"4":0,"5":0,"6":0,"7":0,"8":0,"9":0,"10":0,"11":0,"12":0,"13":0,"14":0,"15":0,"16":0,"17":0,"18":0,"19":0,"20":0,"21":0,"22":0,"23":0,"24":0,"25":0},"f":{"0":0,"1":0,"2":0,"3":0,"4":0,"5":0},"b":{"0":[0],"1":[0],"2":[0],"3":[0,0],"4":[0,0]}}
,"/Users/Sutan/Documents/atask/src/features/repositories/repositoriesSlice.ts": {"path":"/Users/Sutan/Documents/atask/src/features/repositories/repositoriesSlice.ts","statementMap":{"0":{"start":{"line":1,"column":0},"end":{"line":1,"column":62}},"1":{"start":{"line":5,"column":40},"end":{"line":12,"column":2}},"2":{"start":{"line":14,"column":26},"end":{"line":44,"column":2}},"3":{"start":{"line":19,"column":6},"end":{"line":19,"column":31}},"4":{"start":{"line":20,"column":6},"end":{"line":20,"column":25}},"5":{"start":{"line":23,"column":6},"end":{"line":23,"column":33}},"6":{"start":{"line":24,"column":6},"end":{"line":24,"column":48}},"7":{"start":{"line":25,"column":6},"end":{"line":25,"column":41}},"8":{"start":{"line":26,"column":6},"end":{"line":26,"column":46}},"9":{"start":{"line":27,"column":6},"end":{"line":27,"column":25}},"10":{"start":{"line":30,"column":6},"end":{"line":30,"column":30}},"11":{"start":{"line":31,"column":6},"end":{"line":31,"column":35}},"12":{"start":{"line":34,"column":6},"end":{"line":34,"column":41}},"13":{"start":{"line":37,"column":6},"end":{"line":37,"column":23}},"14":{"start":{"line":38,"column":6},"end":{"line":38,"column":28}},"15":{"start":{"line":39,"column":6},"end":{"line":39,"column":25}},"16":{"start":{"line":40,"column":6},"end":{"line":40,"column":28}},"17":{"start":{"line":41,"column":6},"end":{"line":41,"column":22}},"18":{"start":{"line":46,"column":13},"end":{"line":51,"column":null}},"19":{"start":{"line":54,"column":0},"end":{"line":54,"column":41}}},"fnMap":{"0":{"name":"(anonymous_0)","decl":{"start":{"line":18,"column":28},"end":{"line":18,"column":29}},"loc":{"start":{"line":18,"column":38},"end":{"line":21,"column":5}}},"1":{"name":"(anonymous_1)","decl":{"start":{"line":22,"column":30},"end":{"line":22,"column":31}},"loc":{"start":{"line":22,"column":130},"end":{"line":28,"column":5}}},"2":{"name":"(anonymous_2)","decl":{"start":{"line":29,"column":30},"end":{"line":29,"column":31}},"loc":{"start":{"line":29,"column":71},"end":{"line":32,"column":5}}},"3":{"name":"(anonymous_3)","decl":{"start":{"line":33,"column":13},"end":{"line":33,"column":14}},"loc":{"start":{"line":33,"column":54},"end":{"line":35,"column":5}}},"4":{"name":"(anonymous_4)","decl":{"start":{"line":36,"column":23},"end":{"line":36,"column":24}},"loc":{"start":{"line":36,"column":33},"end":{"line":42,"column":5}}}},"branchMap":{},"s":{"0":2,"1":2,"2":2,"3":0,"4":0,"5":0,"6":0,"7":0,"8":0,"9":0,"10":0,"11":0,"12":0,"13":0,"14":0,"15":0,"16":0,"17":0,"18":2,"19":2},"f":{"0":0,"1":0,"2":0,"3":0,"4":0},"b":{}}
,"/Users/Sutan/Documents/atask/src/features/repositories/selectors.ts": {"path":"/Users/Sutan/Documents/atask/src/features/repositories/selectors.ts","statementMap":{"0":{"start":{"line":1,"column":0},"end":{"line":1,"column":50}},"1":{"start":{"line":4,"column":39},"end":{"line":4,"column":79}},"2":{"start":{"line":4,"column":61},"end":{"line":4,"column":79}},"3":{"start":{"line":4,"column":13},"end":{"line":4,"column":39}},"4":{"start":{"line":6,"column":13},"end":{"line":9,"column":2}},"5":{"start":{"line":8,"column":13},"end":{"line":8,"column":30}},"6":{"start":{"line":11,"column":13},"end":{"line":14,"column":2}},"7":{"start":{"line":13,"column":13},"end":{"line":13,"column":25}},"8":{"start":{"line":16,"column":13},"end":{"line":19,"column":2}},"9":{"start":{"line":18,"column":13},"end":{"line":18,"column":24}},"10":{"start":{"line":21,"column":13},"end":{"line":28,"column":2}},"11":{"start":{"line":23,"column":14},"end":{"line":27,"column":4}}},"fnMap":{"0":{"name":"(anonymous_0)","decl":{"start":{"line":4,"column":39},"end":{"line":4,"column":40}},"loc":{"start":{"line":4,"column":61},"end":{"line":4,"column":79}}},"1":{"name":"(anonymous_1)","decl":{"start":{"line":8,"column":2},"end":{"line":8,"column":3}},"loc":{"start":{"line":8,"column":13},"end":{"line":8,"column":30}}},"2":{"name":"(anonymous_2)","decl":{"start":{"line":13,"column":2},"end":{"line":13,"column":3}},"loc":{"start":{"line":13,"column":13},"end":{"line":13,"column":25}}},"3":{"name":"(anonymous_3)","decl":{"start":{"line":18,"column":2},"end":{"line":18,"column":3}},"loc":{"start":{"line":18,"column":13},"end":{"line":18,"column":24}}},"4":{"name":"(anonymous_4)","decl":{"start":{"line":23,"column":2},"end":{"line":23,"column":3}},"loc":{"start":{"line":23,"column":14},"end":{"line":27,"column":4}}}},"branchMap":{"0":{"loc":{"start":{"line":8,"column":13},"end":{"line":8,"column":30}},"type":"binary-expr","locations":[{"start":{"line":8,"column":13},"end":{"line":8,"column":24}},{"start":{"line":8,"column":28},"end":{"line":8,"column":30}}]}},"s":{"0":1,"1":1,"2":28,"3":1,"4":1,"5":6,"6":1,"7":6,"8":1,"9":6,"10":1,"11":6},"f":{"0":28,"1":6,"2":6,"3":6,"4":6},"b":{"0":[6,0]}}
,"/Users/Sutan/Documents/atask/src/features/repositories/components/RepositoryItem.tsx": {"path":"/Users/Sutan/Documents/atask/src/features/repositories/components/RepositoryItem.tsx","statementMap":{"0":{"start":{"line":7,"column":30},"end":{"line":62,"column":1}},"1":{"start":{"line":8,"column":2},"end":{"line":61,"column":4}},"2":{"start":{"line":7,"column":13},"end":{"line":7,"column":30}}},"fnMap":{"0":{"name":"(anonymous_0)","decl":{"start":{"line":7,"column":30},"end":{"line":7,"column":31}},"loc":{"start":{"line":7,"column":70},"end":{"line":62,"column":1}}}},"branchMap":{"0":{"loc":{"start":{"line":22,"column":11},"end":{"line":25,"column":null}},"type":"binary-expr","locations":[{"start":{"line":22,"column":11},"end":{"line":22,"column":33}},{"start":{"line":23,"column":12},"end":{"line":24,"column":null}}]},"1":{"loc":{"start":{"line":30,"column":9},"end":{"line":34,"column":null}},"type":"binary-expr","locations":[{"start":{"line":30,"column":9},"end":{"line":30,"column":28}},{"start":{"line":31,"column":10},"end":{"line":33,"column":null}}]}},"s":{"0":2,"1":4,"2":2},"f":{"0":4},"b":{"0":[4,3],"1":[4,3]}}
,"/Users/Sutan/Documents/atask/src/features/repositories/components/RepositoryList.tsx": {"path":"/Users/Sutan/Documents/atask/src/features/repositories/components/RepositoryList.tsx","statementMap":{"0":{"start":{"line":1,"column":0},"end":{"line":1,"column":42}},"1":{"start":{"line":2,"column":0},"end":{"line":2,"column":50}},"2":{"start":{"line":3,"column":0},"end":{"line":3,"column":52}},"3":{"start":{"line":4,"column":0},"end":{"line":4,"column":59}},"4":{"start":{"line":5,"column":0},"end":{"line":5,"column":53}},"5":{"start":{"line":6,"column":0},"end":{"line":6,"column":57}},"6":{"start":{"line":8,"column":0},"end":{"line":8,"column":null}},"7":{"start":{"line":14,"column":0},"end":{"line":14,"column":60}},"8":{"start":{"line":16,"column":27},"end":{"line":24,"column":null}},"9":{"start":{"line":17,"column":2},"end":{"line":23,"column":null}},"10":{"start":{"line":27,"column":30},"end":{"line":125,"column":1}},"11":{"start":{"line":28,"column":23},"end":{"line":28,"column":57}},"12":{"start":{"line":29,"column":17},"end":{"line":29,"column":54}},"13":{"start":{"line":30,"column":16},"end":{"line":30,"column":52}},"14":{"start":{"line":31,"column":38},"end":{"line":31,"column":67}},"15":{"start":{"line":32,"column":23},"end":{"line":32,"column":54}},"16":{"start":{"line":34,"column":25},"end":{"line":50,"column":3}},"17":{"start":{"line":35,"column":4},"end":{"line":49,"column":5}},"18":{"start":{"line":36,"column":6},"end":{"line":41,"column":8}},"19":{"start":{"line":43,"column":6},"end":{"line":48,"column":7}},"20":{"start":{"line":44,"column":8},"end":{"line":47,"column":11}},"21":{"start":{"line":52,"column":2},"end":{"line":58,"column":3}},"22":{"start":{"line":53,"column":4},"end":{"line":57,"column":6}},"23":{"start":{"line":60,"column":2},"end":{"line":74,"column":3}},"24":{"start":{"line":61,"column":4},"end":{"line":73,"column":6}},"25":{"start":{"line":64,"column":10},"end":{"line":65,"column":null}},"26":{"start":{"line":76,"column":2},"end":{"line":96,"column":3}},"27":{"start":{"line":77,"column":4},"end":{"line":80,"column":7}},"28":{"start":{"line":82,"column":4},"end":{"line":95,"column":6}},"29":{"start":{"line":89,"column":25},"end":{"line":89,"column":49}},"30":{"start":{"line":98,"column":2},"end":{"line":104,"column":3}},"31":{"start":{"line":99,"column":4},"end":{"line":103,"column":6}},"32":{"start":{"line":106,"column":2},"end":{"line":124,"column":4}},"33":{"start":{"line":110,"column":10},"end":{"line":110,"column":46}},"34":{"start":{"line":27,"column":13},"end":{"line":27,"column":30}}},"fnMap":{"0":{"name":"(anonymous_0)","decl":{"start":{"line":16,"column":27},"end":{"line":16,"column":30}},"loc":{"start":{"line":17,"column":2},"end":{"line":23,"column":null}}},"1":{"name":"(anonymous_1)","decl":{"start":{"line":27,"column":30},"end":{"line":27,"column":33}},"loc":{"start":{"line":27,"column":35},"end":{"line":125,"column":1}}},"2":{"name":"(anonymous_2)","decl":{"start":{"line":34,"column":25},"end":{"line":34,"column":30}},"loc":{"start":{"line":34,"column":36},"end":{"line":50,"column":3}}},"3":{"name":"(anonymous_3)","decl":{"start":{"line":37,"column":8},"end":{"line":37,"column":13}},"loc":{"start":{"line":37,"column":19},"end":{"line":39,"column":9}}},"4":{"name":"(anonymous_4)","decl":{"start":{"line":63,"column":39},"end":{"line":63,"column":40}},"loc":{"start":{"line":64,"column":10},"end":{"line":65,"column":null}}},"5":{"name":"(anonymous_5)","decl":{"start":{"line":89,"column":19},"end":{"line":89,"column":22}},"loc":{"start":{"line":89,"column":25},"end":{"line":89,"column":49}}},"6":{"name":"(anonymous_6)","decl":{"start":{"line":109,"column":26},"end":{"line":109,"column":27}},"loc":{"start":{"line":110,"column":10},"end":{"line":110,"column":46}}}},"branchMap":{"0":{"loc":{"start":{"line":43,"column":6},"end":{"line":48,"column":7}},"type":"if","locations":[{"start":{"line":43,"column":6},"end":{"line":48,"column":7}}]},"1":{"loc":{"start":{"line":52,"column":2},"end":{"line":58,"column":3}},"type":"if","locations":[{"start":{"line":52,"column":2},"end":{"line":58,"column":3}}]},"2":{"loc":{"start":{"line":60,"column":2},"end":{"line":74,"column":3}},"type":"if","locations":[{"start":{"line":60,"column":2},"end":{"line":74,"column":3}}]},"3":{"loc":{"start":{"line":76,"column":2},"end":{"line":96,"column":3}},"type":"if","locations":[{"start":{"line":76,"column":2},"end":{"line":96,"column":3}}]},"4":{"loc":{"start":{"line":98,"column":2},"end":{"line":104,"column":3}},"type":"if","locations":[{"start":{"line":98,"column":2},"end":{"line":104,"column":3}}]},"5":{"loc":{"start":{"line":112,"column":9},"end":{"line":120,"column":null}},"type":"binary-expr","locations":[{"start":{"line":112,"column":9},"end":{"line":112,"column":33}},{"start":{"line":113,"column":10},"end":{"line":119,"column":null}}]}},"s":{"0":1,"1":1,"2":1,"3":1,"4":1,"5":1,"6":1,"7":1,"8":1,"9":3,"10":1,"11":6,"12":6,"13":6,"14":6,"15":6,"16":6,"17":0,"18":0,"19":0,"20":0,"21":6,"22":1,"23":5,"24":1,"25":3,"26":4,"27":1,"28":1,"29":0,"30":3,"31":1,"32":2,"33":2,"34":1},"f":{"0":3,"1":6,"2":0,"3":0,"4":3,"5":0,"6":2},"b":{"0":[0],"1":[1],"2":[1],"3":[1],"4":[1],"5":[2,1]}}
,"/Users/Sutan/Documents/atask/src/features/search/api.ts": {"path":"/Users/Sutan/Documents/atask/src/features/search/api.ts","statementMap":{"0":{"start":{"line":1,"column":0},"end":{"line":1,"column":41}},"1":{"start":{"line":4,"column":27},"end":{"line":21,"column":1}},"2":{"start":{"line":5,"column":2},"end":{"line":5,"column":24}},"3":{"start":{"line":5,"column":14},"end":{"line":5,"column":24}},"4":{"start":{"line":7,"column":2},"end":{"line":20,"column":3}},"5":{"start":{"line":8,"column":18},"end":{"line":8,"column":64}},"6":{"start":{"line":9,"column":4},"end":{"line":14,"column":8}},"7":{"start":{"line":9,"column":32},"end":{"line":14,"column":6}},"8":{"start":{"line":16,"column":4},"end":{"line":18,"column":5}},"9":{"start":{"line":17,"column":6},"end":{"line":17,"column":18}},"10":{"start":{"line":19,"column":4},"end":{"line":19,"column":62}},"11":{"start":{"line":4,"column":13},"end":{"line":4,"column":27}}},"fnMap":{"0":{"name":"(anonymous_0)","decl":{"start":{"line":4,"column":27},"end":{"line":4,"column":32}},"loc":{"start":{"line":4,"column":96},"end":{"line":21,"column":1}}},"1":{"name":"(anonymous_1)","decl":{"start":{"line":9,"column":21},"end":{"line":9,"column":22}},"loc":{"start":{"line":9,"column":32},"end":{"line":14,"column":6}}}},"branchMap":{"0":{"loc":{"start":{"line":5,"column":2},"end":{"line":5,"column":24}},"type":"if","locations":[{"start":{"line":5,"column":2},"end":{"line":5,"column":24}}]},"1":{"loc":{"start":{"line":16,"column":4},"end":{"line":18,"column":5}},"type":"if","locations":[{"start":{"line":16,"column":4},"end":{"line":18,"column":5}}]},"2":{"loc":{"start":{"line":19,"column":20},"end":{"line":19,"column":60}},"type":"binary-expr","locations":[{"start":{"line":19,"column":20},"end":{"line":19,"column":33}},{"start":{"line":19,"column":37},"end":{"line":19,"column":60}}]}},"s":{"0":1,"1":1,"2":1,"3":0,"4":1,"5":1,"6":1,"7":0,"8":1,"9":0,"10":1,"11":1},"f":{"0":1,"1":0},"b":{"0":[0],"1":[0],"2":[1,0]}}
,"/Users/Sutan/Documents/atask/src/features/search/searchSaga.ts": {"path":"/Users/Sutan/Documents/atask/src/features/search/searchSaga.ts","statementMap":{"0":{"start":{"line":43,"column":0},"end":{"line":43,"column":15}},"1":{"start":{"line":1,"column":0},"end":{"line":1,"column":null}},"2":{"start":{"line":10,"column":0},"end":{"line":10,"column":87}},"3":{"start":{"line":11,"column":0},"end":{"line":11,"column":36}},"4":{"start":{"line":13,"column":0},"end":{"line":13,"column":46}},"5":{"start":{"line":21,"column":28},"end":{"line":21,"column":42}},"6":{"start":{"line":23,"column":2},"end":{"line":26,"column":3}},"7":{"start":{"line":24,"column":4},"end":{"line":24,"column":38}},"8":{"start":{"line":25,"column":4},"end":{"line":25,"column":11}},"9":{"start":{"line":28,"column":2},"end":{"line":40,"column":3}},"10":{"start":{"line":29,"column":4},"end":{"line":29,"column":21}},"11":{"start":{"line":30,"column":18},"end":{"line":30,"column":56}},"12":{"start":{"line":31,"column":4},"end":{"line":31,"column":41}},"13":{"start":{"line":33,"column":4},"end":{"line":39,"column":5}},"14":{"start":{"line":34,"column":6},"end":{"line":34,"column":51}},"15":{"start":{"line":35,"column":11},"end":{"line":39,"column":5}},"16":{"start":{"line":36,"column":6},"end":{"line":36,"column":82}},"17":{"start":{"line":38,"column":6},"end":{"line":38,"column":68}},"18":{"start":{"line":44,"column":2},"end":{"line":44,"column":59}}},"fnMap":{"0":{"name":"handleSearchQuery","decl":{"start":{"line":20,"column":10},"end":{"line":20,"column":27}},"loc":{"start":{"line":20,"column":90},"end":{"line":41,"column":1}}},"1":{"name":"searchSaga","decl":{"start":{"line":43,"column":17},"end":{"line":43,"column":27}},"loc":{"start":{"line":43,"column":27},"end":{"line":45,"column":1}}}},"branchMap":{"0":{"loc":{"start":{"line":23,"column":2},"end":{"line":26,"column":3}},"type":"if","locations":[{"start":{"line":23,"column":2},"end":{"line":26,"column":3}}]},"1":{"loc":{"start":{"line":33,"column":4},"end":{"line":39,"column":5}},"type":"if","locations":[{"start":{"line":33,"column":4},"end":{"line":39,"column":5}},{"start":{"line":35,"column":11},"end":{"line":39,"column":5}}]},"2":{"loc":{"start":{"line":35,"column":11},"end":{"line":39,"column":5}},"type":"if","locations":[{"start":{"line":35,"column":11},"end":{"line":39,"column":5}},{"start":{"line":37,"column":11},"end":{"line":39,"column":5}}]},"3":{"loc":{"start":{"line":36,"column":35},"end":{"line":36,"column":79}},"type":"binary-expr","locations":[{"start":{"line":36,"column":35},"end":{"line":36,"column":48}},{"start":{"line":36,"column":52},"end":{"line":36,"column":79}}]}},"s":{"0":2,"1":2,"2":2,"3":2,"4":2,"5":8,"6":8,"7":1,"8":1,"9":7,"10":7,"11":6,"12":3,"13":3,"14":0,"15":3,"16":3,"17":0,"18":5},"f":{"0":8,"1":5},"b":{"0":[1],"1":[0,3],"2":[3,0],"3":[3,0]}}
,"/Users/Sutan/Documents/atask/src/features/search/searchSlice.ts": {"path":"/Users/Sutan/Documents/atask/src/features/search/searchSlice.ts","statementMap":{"0":{"start":{"line":1,"column":0},"end":{"line":1,"column":62}},"1":{"start":{"line":9,"column":34},"end":{"line":15,"column":2}},"2":{"start":{"line":17,"column":20},"end":{"line":48,"column":2}},"3":{"start":{"line":22,"column":6},"end":{"line":22,"column":41}},"4":{"start":{"line":23,"column":6},"end":{"line":23,"column":31}},"5":{"start":{"line":24,"column":6},"end":{"line":24,"column":25}},"6":{"start":{"line":27,"column":6},"end":{"line":27,"column":35}},"7":{"start":{"line":28,"column":6},"end":{"line":28,"column":33}},"8":{"start":{"line":29,"column":6},"end":{"line":29,"column":25}},"9":{"start":{"line":32,"column":6},"end":{"line":32,"column":23}},"10":{"start":{"line":33,"column":6},"end":{"line":33,"column":30}},"11":{"start":{"line":34,"column":6},"end":{"line":34,"column":35}},"12":{"start":{"line":37,"column":6},"end":{"line":37,"column":42}},"13":{"start":{"line":40,"column":6},"end":{"line":40,"column":23}},"14":{"start":{"line":41,"column":6},"end":{"line":41,"column":28}},"15":{"start":{"line":42,"column":6},"end":{"line":42,"column":25}},"16":{"start":{"line":45,"column":6},"end":{"line":45,"column":26}},"17":{"start":{"line":50,"column":13},"end":{"line":56,"column":null}},"18":{"start":{"line":59,"column":0},"end":{"line":59,"column":35}}},"fnMap":{"0":{"name":"(anonymous_0)","decl":{"start":{"line":21,"column":20},"end":{"line":21,"column":21}},"loc":{"start":{"line":21,"column":76},"end":{"line":25,"column":5}}},"1":{"name":"(anonymous_1)","decl":{"start":{"line":26,"column":24},"end":{"line":26,"column":25}},"loc":{"start":{"line":26,"column":71},"end":{"line":30,"column":5}}},"2":{"name":"(anonymous_2)","decl":{"start":{"line":31,"column":24},"end":{"line":31,"column":25}},"loc":{"start":{"line":31,"column":65},"end":{"line":35,"column":5}}},"3":{"name":"(anonymous_3)","decl":{"start":{"line":36,"column":16},"end":{"line":36,"column":17}},"loc":{"start":{"line":36,"column":61},"end":{"line":38,"column":5}}},"4":{"name":"(anonymous_4)","decl":{"start":{"line":39,"column":16},"end":{"line":39,"column":17}},"loc":{"start":{"line":39,"column":26},"end":{"line":43,"column":5}}},"5":{"name":"(anonymous_5)","decl":{"start":{"line":44,"column":17},"end":{"line":44,"column":20}},"loc":{"start":{"line":44,"column":22},"end":{"line":46,"column":5}}}},"branchMap":{},"s":{"0":5,"1":5,"2":5,"3":11,"4":11,"5":11,"6":5,"7":5,"8":5,"9":4,"10":4,"11":4,"12":2,"13":0,"14":0,"15":0,"16":1,"17":5,"18":5},"f":{"0":11,"1":5,"2":4,"3":2,"4":0,"5":1},"b":{}}
,"/Users/Sutan/Documents/atask/src/features/search/selectors.ts": {"path":"/Users/Sutan/Documents/atask/src/features/search/selectors.ts","statementMap":{"0":{"start":{"line":1,"column":0},"end":{"line":1,"column":50}},"1":{"start":{"line":4,"column":33},"end":{"line":4,"column":67}},"2":{"start":{"line":4,"column":55},"end":{"line":4,"column":67}},"3":{"start":{"line":4,"column":13},"end":{"line":4,"column":33}},"4":{"start":{"line":6,"column":13},"end":{"line":9,"column":2}},"5":{"start":{"line":8,"column":13},"end":{"line":8,"column":24}},"6":{"start":{"line":11,"column":13},"end":{"line":14,"column":2}},"7":{"start":{"line":13,"column":13},"end":{"line":13,"column":24}},"8":{"start":{"line":16,"column":13},"end":{"line":19,"column":2}},"9":{"start":{"line":18,"column":13},"end":{"line":18,"column":25}},"10":{"start":{"line":21,"column":13},"end":{"line":24,"column":2}},"11":{"start":{"line":23,"column":13},"end":{"line":23,"column":24}},"12":{"start":{"line":26,"column":13},"end":{"line":29,"column":2}},"13":{"start":{"line":28,"column":13},"end":{"line":28,"column":31}}},"fnMap":{"0":{"name":"(anonymous_0)","decl":{"start":{"line":4,"column":33},"end":{"line":4,"column":34}},"loc":{"start":{"line":4,"column":55},"end":{"line":4,"column":67}}},"1":{"name":"(anonymous_1)","decl":{"start":{"line":8,"column":2},"end":{"line":8,"column":3}},"loc":{"start":{"line":8,"column":13},"end":{"line":8,"column":24}}},"2":{"name":"(anonymous_2)","decl":{"start":{"line":13,"column":2},"end":{"line":13,"column":3}},"loc":{"start":{"line":13,"column":13},"end":{"line":13,"column":24}}},"3":{"name":"(anonymous_3)","decl":{"start":{"line":18,"column":2},"end":{"line":18,"column":3}},"loc":{"start":{"line":18,"column":13},"end":{"line":18,"column":25}}},"4":{"name":"(anonymous_4)","decl":{"start":{"line":23,"column":2},"end":{"line":23,"column":3}},"loc":{"start":{"line":23,"column":13},"end":{"line":23,"column":24}}},"5":{"name":"(anonymous_5)","decl":{"start":{"line":28,"column":2},"end":{"line":28,"column":3}},"loc":{"start":{"line":28,"column":13},"end":{"line":28,"column":31}}}},"branchMap":{},"s":{"0":4,"1":4,"2":100,"3":4,"4":4,"5":11,"6":4,"7":14,"8":4,"9":24,"10":4,"11":18,"12":4,"13":20},"f":{"0":100,"1":11,"2":14,"3":24,"4":18,"5":20},"b":{}}
,"/Users/Sutan/Documents/atask/src/features/search/components/SearchInput.tsx": {"path":"/Users/Sutan/Documents/atask/src/features/search/components/SearchInput.tsx","statementMap":{"0":{"start":{"line":1,"column":0},"end":{"line":1,"column":78}},"1":{"start":{"line":2,"column":0},"end":{"line":2,"column":55}},"2":{"start":{"line":3,"column":0},"end":{"line":3,"column":46}},"3":{"start":{"line":4,"column":0},"end":{"line":4,"column":60}},"4":{"start":{"line":5,"column":0},"end":{"line":5,"column":88}},"5":{"start":{"line":6,"column":0},"end":{"line":6,"column":47}},"6":{"start":{"line":7,"column":0},"end":{"line":7,"column":53}},"7":{"start":{"line":8,"column":0},"end":{"line":8,"column":44}},"8":{"start":{"line":10,"column":27},"end":{"line":164,"column":1}},"9":{"start":{"line":11,"column":19},"end":{"line":11,"column":32}},"10":{"start":{"line":12,"column":17},"end":{"line":12,"column":48}},"11":{"start":{"line":13,"column":16},"end":{"line":13,"column":46}},"12":{"start":{"line":14,"column":21},"end":{"line":14,"column":51}},"13":{"start":{"line":15,"column":28},"end":{"line":15,"column":48}},"14":{"start":{"line":16,"column":29},"end":{"line":16,"column":65}},"15":{"start":{"line":17,"column":29},"end":{"line":17,"column":66}},"16":{"start":{"line":24,"column":6},"end":{"line":27,"column":4}},"17":{"start":{"line":30,"column":2},"end":{"line":32,"column":19}},"18":{"start":{"line":31,"column":4},"end":{"line":31,"column":25}},"19":{"start":{"line":35,"column":18},"end":{"line":40,"column":8}},"20":{"start":{"line":36,"column":4},"end":{"line":39,"column":5}},"21":{"start":{"line":37,"column":6},"end":{"line":37,"column":41}},"22":{"start":{"line":38,"column":6},"end":{"line":38,"column":40}},"23":{"start":{"line":43,"column":2},"end":{"line":47,"column":16}},"24":{"start":{"line":44,"column":4},"end":{"line":46,"column":6}},"25":{"start":{"line":45,"column":6},"end":{"line":45,"column":16}},"26":{"start":{"line":49,"column":24},"end":{"line":83,"column":42}},"27":{"start":{"line":50,"column":4},"end":{"line":82,"column":5}},"28":{"start":{"line":51,"column":6},"end":{"line":51,"column":16}},"29":{"start":{"line":53,"column":6},"end":{"line":55,"column":7}},"30":{"start":{"line":54,"column":8},"end":{"line":54,"column":15}},"31":{"start":{"line":58,"column":6},"end":{"line":58,"column":57}},"32":{"start":{"line":60,"column":6},"end":{"line":63,"column":10}},"33":{"start":{"line":65,"column":6},"end":{"line":65,"column":24}},"34":{"start":{"line":67,"column":6},"end":{"line":81,"column":7}},"35":{"start":{"line":68,"column":8},"end":{"line":74,"column":9}},"36":{"start":{"line":69,"column":10},"end":{"line":72,"column":13}},"37":{"start":{"line":73,"column":10},"end":{"line":73,"column":17}},"38":{"start":{"line":76,"column":8},"end":{"line":79,"column":11}},"39":{"start":{"line":80,"column":8},"end":{"line":80,"column":20}},"40":{"start":{"line":86,"column":2},"end":{"line":97,"column":22}},"41":{"start":{"line":87,"column":4},"end":{"line":89,"column":12}},"42":{"start":{"line":88,"column":6},"end":{"line":88,"column":37}},"43":{"start":{"line":91,"column":4},"end":{"line":96,"column":6}},"44":{"start":{"line":92,"column":6},"end":{"line":95,"column":7}},"45":{"start":{"line":94,"column":8},"end":{"line":94,"column":57}},"46":{"start":{"line":99,"column":23},"end":{"line":113,"column":null}},"47":{"start":{"line":101,"column":23},"end":{"line":101,"column":37}},"48":{"start":{"line":102,"column":6},"end":{"line":102,"column":25}},"49":{"start":{"line":104,"column":6},"end":{"line":107,"column":7}},"50":{"start":{"line":105,"column":8},"end":{"line":105,"column":31}},"51":{"start":{"line":106,"column":8},"end":{"line":106,"column":15}},"52":{"start":{"line":109,"column":6},"end":{"line":111,"column":7}},"53":{"start":{"line":110,"column":8},"end":{"line":110,"column":45}},"54":{"start":{"line":116,"column":26},"end":{"line":132,"column":44}},"55":{"start":{"line":117,"column":4},"end":{"line":131,"column":5}},"56":{"start":{"line":118,"column":6},"end":{"line":130,"column":9}},"57":{"start":{"line":119,"column":8},"end":{"line":119,"column":51}},"58":{"start":{"line":120,"column":8},"end":{"line":129,"column":11}},"59":{"start":{"line":121,"column":30},"end":{"line":127,"column":11}},"60":{"start":{"line":122,"column":12},"end":{"line":126,"column":13}},"61":{"start":{"line":123,"column":14},"end":{"line":123,"column":24}},"62":{"start":{"line":125,"column":14},"end":{"line":125,"column":43}},"63":{"start":{"line":128,"column":10},"end":{"line":128,"column":24}},"64":{"start":{"line":134,"column":2},"end":{"line":163,"column":4}},"65":{"start":{"line":10,"column":13},"end":{"line":10,"column":27}}},"fnMap":{"0":{"name":"(anonymous_0)","decl":{"start":{"line":10,"column":27},"end":{"line":10,"column":30}},"loc":{"start":{"line":10,"column":32},"end":{"line":164,"column":1}}},"1":{"name":"(anonymous_1)","decl":{"start":{"line":30,"column":12},"end":{"line":30,"column":15}},"loc":{"start":{"line":30,"column":17},"end":{"line":32,"column":3}}},"2":{"name":"(anonymous_2)","decl":{"start":{"line":35,"column":30},"end":{"line":35,"column":33}},"loc":{"start":{"line":35,"column":35},"end":{"line":40,"column":3}}},"3":{"name":"(anonymous_3)","decl":{"start":{"line":43,"column":12},"end":{"line":43,"column":15}},"loc":{"start":{"line":43,"column":17},"end":{"line":47,"column":3}}},"4":{"name":"(anonymous_4)","decl":{"start":{"line":44,"column":11},"end":{"line":44,"column":14}},"loc":{"start":{"line":44,"column":16},"end":{"line":46,"column":5}}},"5":{"name":"(anonymous_5)","decl":{"start":{"line":49,"column":36},"end":{"line":49,"column":41}},"loc":{"start":{"line":49,"column":60},"end":{"line":83,"column":3}}},"6":{"name":"(anonymous_6)","decl":{"start":{"line":86,"column":12},"end":{"line":86,"column":15}},"loc":{"start":{"line":86,"column":17},"end":{"line":97,"column":3}}},"7":{"name":"(anonymous_7)","decl":{"start":{"line":87,"column":42},"end":{"line":87,"column":43}},"loc":{"start":{"line":87,"column":61},"end":{"line":89,"column":5}}},"8":{"name":"(anonymous_8)","decl":{"start":{"line":91,"column":11},"end":{"line":91,"column":14}},"loc":{"start":{"line":91,"column":16},"end":{"line":96,"column":5}}},"9":{"name":"(anonymous_9)","decl":{"start":{"line":100,"column":4},"end":{"line":100,"column":5}},"loc":{"start":{"line":100,"column":41},"end":{"line":112,"column":5}}},"10":{"name":"(anonymous_10)","decl":{"start":{"line":116,"column":38},"end":{"line":116,"column":41}},"loc":{"start":{"line":116,"column":43},"end":{"line":132,"column":3}}},"11":{"name":"(anonymous_11)","decl":{"start":{"line":118,"column":18},"end":{"line":118,"column":21}},"loc":{"start":{"line":118,"column":23},"end":{"line":130,"column":7}}},"12":{"name":"(anonymous_12)","decl":{"start":{"line":120,"column":27},"end":{"line":120,"column":28}},"loc":{"start":{"line":120,"column":39},"end":{"line":129,"column":9}}},"13":{"name":"(anonymous_13)","decl":{"start":{"line":121,"column":30},"end":{"line":121,"column":33}},"loc":{"start":{"line":121,"column":35},"end":{"line":127,"column":11}}}},"branchMap":{"0":{"loc":{"start":{"line":36,"column":4},"end":{"line":39,"column":5}},"type":"if","locations":[{"start":{"line":36,"column":4},"end":{"line":39,"column":5}}]},"1":{"loc":{"start":{"line":53,"column":6},"end":{"line":55,"column":7}},"type":"if","locations":[{"start":{"line":53,"column":6},"end":{"line":55,"column":7}}]},"2":{"loc":{"start":{"line":67,"column":6},"end":{"line":81,"column":7}},"type":"if","locations":[{"start":{"line":67,"column":6},"end":{"line":81,"column":7}}]},"3":{"loc":{"start":{"line":68,"column":8},"end":{"line":74,"column":9}},"type":"if","locations":[{"start":{"line":68,"column":8},"end":{"line":74,"column":9}}]},"4":{"loc":{"start":{"line":92,"column":6},"end":{"line":95,"column":7}},"type":"if","locations":[{"start":{"line":92,"column":6},"end":{"line":95,"column":7}}]},"5":{"loc":{"start":{"line":104,"column":6},"end":{"line":107,"column":7}},"type":"if","locations":[{"start":{"line":104,"column":6},"end":{"line":107,"column":7}}]},"6":{"loc":{"start":{"line":109,"column":6},"end":{"line":111,"column":7}},"type":"if","locations":[{"start":{"line":109,"column":6},"end":{"line":111,"column":7}}]},"7":{"loc":{"start":{"line":117,"column":4},"end":{"line":131,"column":5}},"type":"if","locations":[{"start":{"line":117,"column":4},"end":{"line":131,"column":5}}]},"8":{"loc":{"start":{"line":122,"column":12},"end":{"line":126,"column":13}},"type":"if","locations":[{"start":{"line":122,"column":12},"end":{"line":126,"column":13}},{"start":{"line":124,"column":19},"end":{"line":126,"column":13}}]},"9":{"loc":{"start":{"line":122,"column":16},"end":{"line":122,"column":61}},"type":"binary-expr","locations":[{"start":{"line":122,"column":16},"end":{"line":122,"column":38}},{"start":{"line":122,"column":42},"end":{"line":122,"column":61}}]},"10":{"loc":{"start":{"line":142,"column":15},"end":{"line":142,"column":33}},"type":"binary-expr","locations":[{"start":{"line":142,"column":15},"end":{"line":142,"column":20}},{"start":{"line":142,"column":24},"end":{"line":142,"column":33}}]},"11":{"loc":{"start":{"line":146,"column":7},"end":{"line":160,"column":null}},"type":"binary-expr","locations":[{"start":{"line":146,"column":7},"end":{"line":146,"column":12}},{"start":{"line":147,"column":8},"end":{"line":159,"column":null}}]},"12":{"loc":{"start":{"line":153,"column":13},"end":{"line":153,"column":56}},"type":"cond-expr","locations":[{"start":{"line":153,"column":25},"end":{"line":153,"column":46}},{"start":{"line":153,"column":49},"end":{"line":153,"column":56}}]},"13":{"loc":{"start":{"line":155,"column":11},"end":{"line":158,"column":null}},"type":"binary-expr","locations":[{"start":{"line":155,"column":11},"end":{"line":155,"column":32}},{"start":{"line":156,"column":12},"end":{"line":157,"column":null}}]}},"s":{"0":1,"1":1,"2":1,"3":1,"4":1,"5":1,"6":1,"7":1,"8":1,"9":23,"10":23,"11":23,"12":23,"13":23,"14":23,"15":23,"16":23,"17":23,"18":9,"19":23,"20":9,"21":3,"22":3,"23":23,"24":6,"25":6,"26":23,"27":3,"28":3,"29":3,"30":0,"31":3,"32":3,"33":3,"34":0,"35":0,"36":0,"37":0,"38":0,"39":0,"40":23,"41":6,"42":3,"43":6,"44":6,"45":6,"46":23,"47":6,"48":6,"49":6,"50":0,"51":0,"52":6,"53":6,"54":23,"55":1,"56":1,"57":1,"58":1,"59":1,"60":1,"61":1,"62":0,"63":1,"64":23,"65":1},"f":{"0":23,"1":9,"2":9,"3":6,"4":6,"5":3,"6":6,"7":3,"8":6,"9":6,"10":1,"11":1,"12":1,"13":1},"b":{"0":[3],"1":[0],"2":[0],"3":[0],"4":[6],"5":[0],"6":[6],"7":[1],"8":[1,0],"9":[1,1],"10":[23,21],"11":[23,2],"12":[0,2],"13":[2,2]}}
,"/Users/Sutan/Documents/atask/src/features/search/components/SearchResults.tsx": {"path":"/Users/Sutan/Documents/atask/src/features/search/components/SearchResults.tsx","statementMap":{"0":{"start":{"line":1,"column":0},"end":{"line":1,"column":55}},"1":{"start":{"line":2,"column":0},"end":{"line":2,"column":44}},"2":{"start":{"line":3,"column":0},"end":{"line":3,"column":null}},"3":{"start":{"line":8,"column":0},"end":{"line":8,"column":52}},"4":{"start":{"line":11,"column":21},"end":{"line":15,"column":null}},"5":{"start":{"line":12,"column":2},"end":{"line":14,"column":null}},"6":{"start":{"line":18,"column":29},"end":{"line":74,"column":1}},"7":{"start":{"line":19,"column":19},"end":{"line":19,"column":32}},"8":{"start":{"line":20,"column":16},"end":{"line":20,"column":46}},"9":{"start":{"line":21,"column":17},"end":{"line":21,"column":48}},"10":{"start":{"line":22,"column":23},"end":{"line":22,"column":54}},"11":{"start":{"line":24,"column":2},"end":{"line":34,"column":3}},"12":{"start":{"line":25,"column":4},"end":{"line":33,"column":6}},"13":{"start":{"line":29,"column":12},"end":{"line":29,"column":40}},"14":{"start":{"line":36,"column":2},"end":{"line":38,"column":3}},"15":{"start":{"line":37,"column":4},"end":{"line":37,"column":16}},"16":{"start":{"line":40,"column":2},"end":{"line":73,"column":4}},"17":{"start":{"line":44,"column":26},"end":{"line":44,"column":37}},"18":{"start":{"line":45,"column":25},"end":{"line":45,"column":51}},"19":{"start":{"line":46,"column":31},"end":{"line":50,"column":16}},"20":{"start":{"line":51,"column":10},"end":{"line":69,"column":12}},"21":{"start":{"line":57,"column":29},"end":{"line":57,"column":55}},"22":{"start":{"line":18,"column":13},"end":{"line":18,"column":29}}},"fnMap":{"0":{"name":"(anonymous_0)","decl":{"start":{"line":11,"column":21},"end":{"line":11,"column":24}},"loc":{"start":{"line":12,"column":2},"end":{"line":14,"column":null}}},"1":{"name":"(anonymous_1)","decl":{"start":{"line":18,"column":29},"end":{"line":18,"column":32}},"loc":{"start":{"line":18,"column":34},"end":{"line":74,"column":1}}},"2":{"name":"(anonymous_2)","decl":{"start":{"line":28,"column":41},"end":{"line":28,"column":42}},"loc":{"start":{"line":29,"column":12},"end":{"line":29,"column":40}}},"3":{"name":"(anonymous_3)","decl":{"start":{"line":43,"column":19},"end":{"line":43,"column":20}},"loc":{"start":{"line":43,"column":55},"end":{"line":70,"column":9}}},"4":{"name":"(anonymous_4)","decl":{"start":{"line":57,"column":23},"end":{"line":57,"column":26}},"loc":{"start":{"line":57,"column":29},"end":{"line":57,"column":55}}}},"branchMap":{"0":{"loc":{"start":{"line":24,"column":2},"end":{"line":34,"column":3}},"type":"if","locations":[{"start":{"line":24,"column":2},"end":{"line":34,"column":3}}]},"1":{"loc":{"start":{"line":36,"column":2},"end":{"line":38,"column":3}},"type":"if","locations":[{"start":{"line":36,"column":2},"end":{"line":38,"column":3}}]},"2":{"loc":{"start":{"line":46,"column":31},"end":{"line":50,"column":16}},"type":"cond-expr","locations":[{"start":{"line":47,"column":14},"end":{"line":47,"column":28}},{"start":{"line":48,"column":14},"end":{"line":50,"column":16}}]},"3":{"loc":{"start":{"line":48,"column":14},"end":{"line":50,"column":16}},"type":"cond-expr","locations":[{"start":{"line":49,"column":14},"end":{"line":49,"column":28}},{"start":{"line":50,"column":14},"end":{"line":50,"column":16}}]},"4":{"loc":{"start":{"line":55,"column":16},"end":{"line":55,"column":null}},"type":"cond-expr","locations":[{"start":{"line":55,"column":47},"end":{"line":55,"column":60}},{"start":{"line":55,"column":63},"end":{"line":55,"column":null}}]}},"s":{"0":1,"1":1,"2":1,"3":1,"4":1,"5":3,"6":1,"7":6,"8":6,"9":6,"10":6,"11":6,"12":1,"13":3,"14":5,"15":1,"16":4,"17":4,"18":4,"19":4,"20":4,"21":1,"22":1},"f":{"0":3,"1":6,"2":3,"3":4,"4":1},"b":{"0":[1],"1":[1],"2":[4,0],"3":[0,0],"4":[2,2]}}
,"/Users/Sutan/Documents/atask/src/features/search/components/UserList.tsx": {"path":"/Users/Sutan/Documents/atask/src/features/search/components/UserList.tsx","statementMap":{"0":{"start":{"line":1,"column":0},"end":{"line":1,"column":36}},"1":{"start":{"line":2,"column":0},"end":{"line":2,"column":55}},"2":{"start":{"line":3,"column":0},"end":{"line":3,"column":59}},"3":{"start":{"line":4,"column":0},"end":{"line":4,"column":52}},"4":{"start":{"line":5,"column":0},"end":{"line":5,"column":53}},"5":{"start":{"line":6,"column":0},"end":{"line":6,"column":57}},"6":{"start":{"line":7,"column":0},"end":{"line":7,"column":44}},"7":{"start":{"line":8,"column":0},"end":{"line":8,"column":44}},"8":{"start":{"line":9,"column":0},"end":{"line":9,"column":null}},"9":{"start":{"line":17,"column":21},"end":{"line":26,"column":null}},"10":{"start":{"line":18,"column":2},"end":{"line":25,"column":null}},"11":{"start":{"line":29,"column":24},"end":{"line":147,"column":1}},"12":{"start":{"line":30,"column":19},"end":{"line":30,"column":32}},"13":{"start":{"line":31,"column":16},"end":{"line":31,"column":46}},"14":{"start":{"line":32,"column":17},"end":{"line":32,"column":48}},"15":{"start":{"line":33,"column":16},"end":{"line":33,"column":46}},"16":{"start":{"line":34,"column":23},"end":{"line":34,"column":54}},"17":{"start":{"line":41,"column":6},"end":{"line":44,"column":4}},"18":{"start":{"line":46,"column":27},"end":{"line":64,"column":33}},"19":{"start":{"line":47,"column":4},"end":{"line":63,"column":5}},"20":{"start":{"line":48,"column":6},"end":{"line":54,"column":8}},"21":{"start":{"line":50,"column":10},"end":{"line":50,"column":37}},"22":{"start":{"line":51,"column":10},"end":{"line":51,"column":28}},"23":{"start":{"line":56,"column":6},"end":{"line":62,"column":7}},"24":{"start":{"line":57,"column":8},"end":{"line":60,"column":11}},"25":{"start":{"line":61,"column":8},"end":{"line":61,"column":20}},"26":{"start":{"line":66,"column":26},"end":{"line":70,"column":51}},"27":{"start":{"line":67,"column":4},"end":{"line":69,"column":5}},"28":{"start":{"line":68,"column":6},"end":{"line":68,"column":56}},"29":{"start":{"line":68,"column":24},"end":{"line":68,"column":54}},"30":{"start":{"line":72,"column":2},"end":{"line":82,"column":3}},"31":{"start":{"line":73,"column":4},"end":{"line":81,"column":6}},"32":{"start":{"line":76,"column":10},"end":{"line":76,"column":27}},"33":{"start":{"line":84,"column":2},"end":{"line":108,"column":3}},"34":{"start":{"line":85,"column":4},"end":{"line":87,"column":7}},"35":{"start":{"line":89,"column":4},"end":{"line":107,"column":6}},"36":{"start":{"line":110,"column":2},"end":{"line":116,"column":3}},"37":{"start":{"line":111,"column":4},"end":{"line":115,"column":6}},"38":{"start":{"line":118,"column":2},"end":{"line":146,"column":4}},"39":{"start":{"line":122,"column":10},"end":{"line":123,"column":null}},"40":{"start":{"line":124,"column":27},"end":{"line":124,"column":49}},"41":{"start":{"line":29,"column":13},"end":{"line":29,"column":24}}},"fnMap":{"0":{"name":"(anonymous_0)","decl":{"start":{"line":17,"column":21},"end":{"line":17,"column":24}},"loc":{"start":{"line":18,"column":2},"end":{"line":25,"column":null}}},"1":{"name":"(anonymous_1)","decl":{"start":{"line":29,"column":24},"end":{"line":29,"column":27}},"loc":{"start":{"line":29,"column":29},"end":{"line":147,"column":1}}},"2":{"name":"(anonymous_2)","decl":{"start":{"line":46,"column":39},"end":{"line":46,"column":44}},"loc":{"start":{"line":46,"column":66},"end":{"line":64,"column":3}}},"3":{"name":"(anonymous_3)","decl":{"start":{"line":49,"column":8},"end":{"line":49,"column":13}},"loc":{"start":{"line":49,"column":19},"end":{"line":52,"column":9}}},"4":{"name":"(anonymous_4)","decl":{"start":{"line":66,"column":38},"end":{"line":66,"column":41}},"loc":{"start":{"line":66,"column":43},"end":{"line":70,"column":3}}},"5":{"name":"(anonymous_5)","decl":{"start":{"line":68,"column":18},"end":{"line":68,"column":21}},"loc":{"start":{"line":68,"column":24},"end":{"line":68,"column":54}}},"6":{"name":"(anonymous_6)","decl":{"start":{"line":75,"column":39},"end":{"line":75,"column":40}},"loc":{"start":{"line":76,"column":10},"end":{"line":76,"column":27}}},"7":{"name":"(anonymous_7)","decl":{"start":{"line":121,"column":19},"end":{"line":121,"column":20}},"loc":{"start":{"line":122,"column":10},"end":{"line":123,"column":null}}},"8":{"name":"(anonymous_8)","decl":{"start":{"line":124,"column":21},"end":{"line":124,"column":24}},"loc":{"start":{"line":124,"column":27},"end":{"line":124,"column":49}}}},"branchMap":{"0":{"loc":{"start":{"line":56,"column":6},"end":{"line":62,"column":7}},"type":"if","locations":[{"start":{"line":56,"column":6},"end":{"line":62,"column":7}}]},"1":{"loc":{"start":{"line":67,"column":4},"end":{"line":69,"column":5}},"type":"if","locations":[{"start":{"line":67,"column":4},"end":{"line":69,"column":5}}]},"2":{"loc":{"start":{"line":72,"column":2},"end":{"line":82,"column":3}},"type":"if","locations":[{"start":{"line":72,"column":2},"end":{"line":82,"column":3}}]},"3":{"loc":{"start":{"line":84,"column":2},"end":{"line":108,"column":3}},"type":"if","locations":[{"start":{"line":84,"column":2},"end":{"line":108,"column":3}}]},"4":{"loc":{"start":{"line":98,"column":13},"end":{"line":98,"column":56}},"type":"cond-expr","locations":[{"start":{"line":98,"column":25},"end":{"line":98,"column":46}},{"start":{"line":98,"column":49},"end":{"line":98,"column":56}}]},"5":{"loc":{"start":{"line":100,"column":11},"end":{"line":103,"column":null}},"type":"binary-expr","locations":[{"start":{"line":100,"column":11},"end":{"line":100,"column":32}},{"start":{"line":101,"column":12},"end":{"line":102,"column":null}}]},"6":{"loc":{"start":{"line":110,"column":2},"end":{"line":116,"column":3}},"type":"if","locations":[{"start":{"line":110,"column":2},"end":{"line":116,"column":3}}]},"7":{"loc":{"start":{"line":110,"column":6},"end":{"line":110,"column":34}},"type":"binary-expr","locations":[{"start":{"line":110,"column":6},"end":{"line":110,"column":12}},{"start":{"line":110,"column":16},"end":{"line":110,"column":34}}]},"8":{"loc":{"start":{"line":126,"column":14},"end":{"line":128,"column":null}},"type":"cond-expr","locations":[{"start":{"line":127,"column":18},"end":{"line":127,"column":31}},{"start":{"line":128,"column":18},"end":{"line":128,"column":null}}]}},"s":{"0":2,"1":2,"2":2,"3":2,"4":2,"5":2,"6":2,"7":2,"8":2,"9":2,"10":3,"11":2,"12":8,"13":8,"14":8,"15":8,"16":8,"17":8,"18":8,"19":1,"20":1,"21":1,"22":1,"23":0,"24":0,"25":0,"26":8,"27":0,"28":0,"29":0,"30":8,"31":1,"32":3,"33":7,"34":2,"35":2,"36":5,"37":1,"38":4,"39":7,"40":1,"41":2},"f":{"0":3,"1":8,"2":1,"3":1,"4":0,"5":0,"6":3,"7":7,"8":1},"b":{"0":[0],"1":[0],"2":[1],"3":[2],"4":[1,1],"5":[2,1],"6":[1],"7":[5,5],"8":[1,6]}}
,"/Users/Sutan/Documents/atask/src/hooks/useDataFetching.ts": {"path":"/Users/Sutan/Documents/atask/src/hooks/useDataFetching.ts","statementMap":{"0":{"start":{"line":19,"column":38},"end":{"line":24,"column":2}},"1":{"start":{"line":31,"column":28},"end":{"line":36,"column":4}},"2":{"start":{"line":38,"column":29},"end":{"line":38,"column":65}},"3":{"start":{"line":39,"column":53},"end":{"line":39,"column":87}},"4":{"start":{"line":42,"column":24},"end":{"line":76,"column":null}},"5":{"start":{"line":45,"column":27},"end":{"line":45,"column":48}},"6":{"start":{"line":46,"column":8},"end":{"line":46,"column":48}},"7":{"start":{"line":48,"column":8},"end":{"line":71,"column":9}},"8":{"start":{"line":49,"column":25},"end":{"line":51,"column":null}},"9":{"start":{"line":54,"column":10},"end":{"line":60,"column":14}},"10":{"start":{"line":54,"column":28},"end":{"line":60,"column":12}},"11":{"start":{"line":62,"column":10},"end":{"line":62,"column":24}},"12":{"start":{"line":64,"column":10},"end":{"line":69,"column":11}},"13":{"start":{"line":65,"column":12},"end":{"line":68,"column":15}},"14":{"start":{"line":70,"column":10},"end":{"line":70,"column":22}},"15":{"start":{"line":79,"column":25},"end":{"line":94,"column":33}},"16":{"start":{"line":80,"column":4},"end":{"line":93,"column":5}},"17":{"start":{"line":81,"column":6},"end":{"line":81,"column":28}},"18":{"start":{"line":83,"column":6},"end":{"line":92,"column":7}},"19":{"start":{"line":84,"column":8},"end":{"line":84,"column":70}},"20":{"start":{"line":84,"column":37},"end":{"line":84,"column":68}},"21":{"start":{"line":85,"column":8},"end":{"line":85,"column":46}},"22":{"start":{"line":87,"column":8},"end":{"line":91,"column":12}},"23":{"start":{"line":87,"column":26},"end":{"line":91,"column":10}},"24":{"start":{"line":96,"column":18},"end":{"line":99,"column":31}},"25":{"start":{"line":97,"column":4},"end":{"line":97,"column":66}},"26":{"start":{"line":97,"column":22},"end":{"line":97,"column":63}},"27":{"start":{"line":98,"column":4},"end":{"line":98,"column":35}},"28":{"start":{"line":101,"column":2},"end":{"line":109,"column":32}},"29":{"start":{"line":102,"column":4},"end":{"line":102,"column":29}},"30":{"start":{"line":104,"column":4},"end":{"line":108,"column":6}},"31":{"start":{"line":105,"column":6},"end":{"line":107,"column":7}},"32":{"start":{"line":106,"column":8},"end":{"line":106,"column":43}},"33":{"start":{"line":111,"column":2},"end":{"line":111,"column":26}}},"fnMap":{"0":{"name":"useDataFetching","decl":{"start":{"line":26,"column":16},"end":{"line":26,"column":31}},"loc":{"start":{"line":29,"column":28},"end":{"line":112,"column":1}}},"1":{"name":"(anonymous_1)","decl":{"start":{"line":44,"column":6},"end":{"line":44,"column":11}},"loc":{"start":{"line":44,"column":17},"end":{"line":72,"column":7}}},"2":{"name":"(anonymous_2)","decl":{"start":{"line":54,"column":19},"end":{"line":54,"column":23}},"loc":{"start":{"line":54,"column":28},"end":{"line":60,"column":12}}},"3":{"name":"(anonymous_3)","decl":{"start":{"line":79,"column":37},"end":{"line":79,"column":42}},"loc":{"start":{"line":79,"column":82},"end":{"line":94,"column":3}}},"4":{"name":"(anonymous_4)","decl":{"start":{"line":84,"column":26},"end":{"line":84,"column":33}},"loc":{"start":{"line":84,"column":37},"end":{"line":84,"column":68}}},"5":{"name":"(anonymous_5)","decl":{"start":{"line":87,"column":17},"end":{"line":87,"column":21}},"loc":{"start":{"line":87,"column":26},"end":{"line":91,"column":10}}},"6":{"name":"(anonymous_6)","decl":{"start":{"line":96,"column":30},"end":{"line":96,"column":35}},"loc":{"start":{"line":96,"column":41},"end":{"line":99,"column":3}}},"7":{"name":"(anonymous_7)","decl":{"start":{"line":97,"column":13},"end":{"line":97,"column":17}},"loc":{"start":{"line":97,"column":22},"end":{"line":97,"column":63}}},"8":{"name":"(anonymous_8)","decl":{"start":{"line":101,"column":12},"end":{"line":101,"column":15}},"loc":{"start":{"line":101,"column":17},"end":{"line":109,"column":3}}},"9":{"name":"(anonymous_9)","decl":{"start":{"line":104,"column":11},"end":{"line":104,"column":14}},"loc":{"start":{"line":104,"column":16},"end":{"line":108,"column":5}}}},"branchMap":{"0":{"loc":{"start":{"line":28,"column":2},"end":{"line":28,"column":44}},"type":"default-arg","locations":[{"start":{"line":28,"column":23},"end":{"line":28,"column":44}}]},"1":{"loc":{"start":{"line":29,"column":2},"end":{"line":29,"column":28}},"type":"default-arg","locations":[{"start":{"line":29,"column":26},"end":{"line":29,"column":28}}]},"2":{"loc":{"start":{"line":64,"column":10},"end":{"line":69,"column":11}},"type":"if","locations":[{"start":{"line":64,"column":10},"end":{"line":69,"column":11}}]},"3":{"loc":{"start":{"line":83,"column":6},"end":{"line":92,"column":7}},"type":"if","locations":[{"start":{"line":83,"column":6},"end":{"line":92,"column":7}},{"start":{"line":86,"column":13},"end":{"line":92,"column":7}}]},"4":{"loc":{"start":{"line":83,"column":10},"end":{"line":83,"column":92}},"type":"binary-expr","locations":[{"start":{"line":83,"column":10},"end":{"line":83,"column":25}},{"start":{"line":83,"column":29},"end":{"line":83,"column":92}}]},"5":{"loc":{"start":{"line":83,"column":31},"end":{"line":83,"column":91}},"type":"binary-expr","locations":[{"start":{"line":83,"column":31},"end":{"line":83,"column":60}},{"start":{"line":83,"column":64},"end":{"line":83,"column":91}}]},"6":{"loc":{"start":{"line":89,"column":17},"end":{"line":89,"column":74}},"type":"cond-expr","locations":[{"start":{"line":89,"column":42},"end":{"line":89,"column":47}},{"start":{"line":89,"column":50},"end":{"line":89,"column":74}}]},"7":{"loc":{"start":{"line":105,"column":6},"end":{"line":107,"column":7}},"type":"if","locations":[{"start":{"line":105,"column":6},"end":{"line":107,"column":7}}]}},"s":{"0":0,"1":0,"2":0,"3":0,"4":0,"5":0,"6":0,"7":0,"8":0,"9":0,"10":0,"11":0,"12":0,"13":0,"14":0,"15":0,"16":0,"17":0,"18":0,"19":0,"20":0,"21":0,"22":0,"23":0,"24":0,"25":0,"26":0,"27":0,"28":0,"29":0,"30":0,"31":0,"32":0,"33":0},"f":{"0":0,"1":0,"2":0,"3":0,"4":0,"5":0,"6":0,"7":0,"8":0,"9":0},"b":{"0":[0],"1":[0],"2":[0],"3":[0,0],"4":[0,0],"5":[0,0],"6":[0,0],"7":[0]}}
,"/Users/Sutan/Documents/atask/src/hooks/useRetry.ts": {"path":"/Users/Sutan/Documents/atask/src/hooks/useRetry.ts","statementMap":{"0":{"start":{"line":1,"column":0},"end":{"line":1,"column":46}},"1":{"start":{"line":2,"column":0},"end":{"line":2,"column":53}},"2":{"start":{"line":19,"column":24},"end":{"line":75,"column":1}},"3":{"start":{"line":24,"column":38},"end":{"line":24,"column":49}},"4":{"start":{"line":26,"column":26},"end":{"line":28,"column":8}},"5":{"start":{"line":27,"column":4},"end":{"line":27,"column":21}},"6":{"start":{"line":30,"column":22},"end":{"line":65,"column":80}},"7":{"start":{"line":31,"column":4},"end":{"line":42,"column":5}},"8":{"start":{"line":32,"column":6},"end":{"line":39,"column":8}},"9":{"start":{"line":40,"column":6},"end":{"line":40,"column":30}},"10":{"start":{"line":41,"column":6},"end":{"line":41,"column":13}},"11":{"start":{"line":44,"column":4},"end":{"line":64,"column":5}},"12":{"start":{"line":45,"column":6},"end":{"line":45,"column":40}},"13":{"start":{"line":45,"column":29},"end":{"line":45,"column":38}},"14":{"start":{"line":46,"column":6},"end":{"line":46,"column":21}},"15":{"start":{"line":48,"column":6},"end":{"line":48,"column":24}},"16":{"start":{"line":50,"column":6},"end":{"line":58,"column":7}},"17":{"start":{"line":51,"column":8},"end":{"line":57,"column":11}},"18":{"start":{"line":61,"column":6},"end":{"line":63,"column":7}},"19":{"start":{"line":62,"column":8},"end":{"line":62,"column":20}},"20":{"start":{"line":67,"column":2},"end":{"line":74,"column":4}},"21":{"start":{"line":19,"column":13},"end":{"line":19,"column":24}}},"fnMap":{"0":{"name":"(anonymous_0)","decl":{"start":{"line":19,"column":24},"end":{"line":19,"column":25}},"loc":{"start":{"line":23,"column":38},"end":{"line":75,"column":1}}},"1":{"name":"(anonymous_1)","decl":{"start":{"line":26,"column":38},"end":{"line":26,"column":41}},"loc":{"start":{"line":26,"column":43},"end":{"line":28,"column":3}}},"2":{"name":"(anonymous_2)","decl":{"start":{"line":30,"column":34},"end":{"line":30,"column":39}},"loc":{"start":{"line":30,"column":72},"end":{"line":65,"column":3}}},"3":{"name":"(anonymous_3)","decl":{"start":{"line":45,"column":20},"end":{"line":45,"column":25}},"loc":{"start":{"line":45,"column":29},"end":{"line":45,"column":38}}}},"branchMap":{"0":{"loc":{"start":{"line":20,"column":2},"end":{"line":20,"column":16}},"type":"default-arg","locations":[{"start":{"line":20,"column":15},"end":{"line":20,"column":16}}]},"1":{"loc":{"start":{"line":31,"column":4},"end":{"line":42,"column":5}},"type":"if","locations":[{"start":{"line":31,"column":4},"end":{"line":42,"column":5}}]},"2":{"loc":{"start":{"line":50,"column":6},"end":{"line":58,"column":7}},"type":"if","locations":[{"start":{"line":50,"column":6},"end":{"line":58,"column":7}}]},"3":{"loc":{"start":{"line":61,"column":6},"end":{"line":63,"column":7}},"type":"if","locations":[{"start":{"line":61,"column":6},"end":{"line":63,"column":7}}]}},"s":{"0":2,"1":2,"2":2,"3":34,"4":34,"5":5,"6":34,"7":8,"8":1,"9":1,"10":1,"11":7,"12":7,"13":7,"14":7,"15":2,"16":5,"17":5,"18":5,"19":5,"20":34,"21":2},"f":{"0":34,"1":5,"2":8,"3":7},"b":{"0":[3],"1":[1],"2":[5],"3":[5]}}
,"/Users/Sutan/Documents/atask/src/store/index.ts": {"path":"/Users/Sutan/Documents/atask/src/store/index.ts","statementMap":{"0":{"start":{"line":7,"column":23},"end":{"line":7,"column":45}},"1":{"start":{"line":9,"column":21},"end":{"line":17,"column":2}},"2":{"start":{"line":12,"column":4},"end":{"line":15,"column":29}},"3":{"start":{"line":19,"column":0},"end":{"line":19,"column":29}}},"fnMap":{"0":{"name":"(anonymous_0)","decl":{"start":{"line":11,"column":14},"end":{"line":11,"column":15}},"loc":{"start":{"line":12,"column":4},"end":{"line":15,"column":29}}}},"branchMap":{},"s":{"0":0,"1":0,"2":0,"3":0},"f":{"0":0},"b":{}}
,"/Users/Sutan/Documents/atask/src/store/reducers.ts": {"path":"/Users/Sutan/Documents/atask/src/store/reducers.ts","statementMap":{"0":{"start":{"line":9,"column":27},"end":{"line":15,"column":2}}},"fnMap":{},"branchMap":{},"s":{"0":0},"f":{},"b":{}}
,"/Users/Sutan/Documents/atask/src/store/rootReducer.ts": {"path":"/Users/Sutan/Documents/atask/src/store/rootReducer.ts","statementMap":{"0":{"start":{"line":1,"column":0},"end":{"line":1,"column":51}},"1":{"start":{"line":2,"column":0},"end":{"line":2,"column":58}},"2":{"start":{"line":4,"column":13},"end":{"line":6,"column":3}}},"fnMap":{},"branchMap":{},"s":{"0":1,"1":1,"2":1},"f":{},"b":{}}
,"/Users/Sutan/Documents/atask/src/store/rootSaga.ts": {"path":"/Users/Sutan/Documents/atask/src/store/rootSaga.ts","statementMap":{"0":{"start":{"line":5,"column":2},"end":{"line":7,"column":5}}},"fnMap":{"0":{"name":"rootSaga","decl":{"start":{"line":4,"column":17},"end":{"line":4,"column":25}},"loc":{"start":{"line":4,"column":25},"end":{"line":8,"column":1}}}},"branchMap":{},"s":{"0":0},"f":{"0":0},"b":{}}
,"/Users/Sutan/Documents/atask/src/store/sagas.ts": {"path":"/Users/Sutan/Documents/atask/src/store/sagas.ts","statementMap":{"0":{"start":{"line":10,"column":2},"end":{"line":16,"column":5}}},"fnMap":{"0":{"name":"rootSaga","decl":{"start":{"line":9,"column":17},"end":{"line":9,"column":25}},"loc":{"start":{"line":9,"column":25},"end":{"line":17,"column":1}}}},"branchMap":{},"s":{"0":0},"f":{"0":0},"b":{}}
,"/Users/Sutan/Documents/atask/src/store/store.ts": {"path":"/Users/Sutan/Documents/atask/src/store/store.ts","statementMap":{"0":{"start":{"line":6,"column":23},"end":{"line":6,"column":45}},"1":{"start":{"line":8,"column":21},"end":{"line":17,"column":2}},"2":{"start":{"line":11,"column":4},"end":{"line":16,"column":29}},"3":{"start":{"line":19,"column":0},"end":{"line":19,"column":29}}},"fnMap":{"0":{"name":"(anonymous_0)","decl":{"start":{"line":10,"column":14},"end":{"line":10,"column":15}},"loc":{"start":{"line":11,"column":4},"end":{"line":16,"column":29}}}},"branchMap":{},"s":{"0":0,"1":0,"2":0,"3":0},"f":{"0":0},"b":{}}
,"/Users/Sutan/Documents/atask/src/utils/errorTracking.ts": {"path":"/Users/Sutan/Documents/atask/src/utils/errorTracking.ts","statementMap":{"0":{"start":{"line":20,"column":19},"end":{"line":20,"column":null}},"1":{"start":{"line":21,"column":19},"end":{"line":21,"column":null}},"2":{"start":{"line":22,"column":10},"end":{"line":22,"column":null}},"3":{"start":{"line":97,"column":10},"end":{"line":103,"column":null}},"4":{"start":{"line":98,"column":4},"end":{"line":102,"column":6}},"5":{"start":{"line":25,"column":4},"end":{"line":25,"column":81}},"6":{"start":{"line":29,"column":4},"end":{"line":31,"column":5}},"7":{"start":{"line":30,"column":6},"end":{"line":30,"column":49}},"8":{"start":{"line":32,"column":4},"end":{"line":32,"column":33}},"9":{"start":{"line":36,"column":37},"end":{"line":42,"column":6}},"10":{"start":{"line":44,"column":4},"end":{"line":44,"column":38}},"11":{"start":{"line":45,"column":4},"end":{"line":45,"column":29}},"12":{"start":{"line":49,"column":37},"end":{"line":54,"column":6}},"13":{"start":{"line":56,"column":4},"end":{"line":56,"column":38}},"14":{"start":{"line":57,"column":4},"end":{"line":57,"column":29}},"15":{"start":{"line":61,"column":4},"end":{"line":61,"column":66}},"16":{"start":{"line":61,"column":59},"end":{"line":61,"column":66}},"17":{"start":{"line":63,"column":4},"end":{"line":63,"column":29}},"18":{"start":{"line":64,"column":18},"end":{"line":64,"column":19}},"19":{"start":{"line":66,"column":4},"end":{"line":80,"column":5}},"20":{"start":{"line":67,"column":6},"end":{"line":79,"column":7}},"21":{"start":{"line":68,"column":22},"end":{"line":68,"column":40}},"22":{"start":{"line":69,"column":8},"end":{"line":69,"column":44}},"23":{"start":{"line":70,"column":8},"end":{"line":70,"column":32}},"24":{"start":{"line":71,"column":8},"end":{"line":71,"column":20}},"25":{"start":{"line":73,"column":8},"end":{"line":73,"column":18}},"26":{"start":{"line":74,"column":8},"end":{"line":77,"column":9}},"27":{"start":{"line":75,"column":10},"end":{"line":75,"column":78}},"28":{"start":{"line":76,"column":10},"end":{"line":76,"column":34}},"29":{"start":{"line":78,"column":8},"end":{"line":78,"column":74}},"30":{"start":{"line":78,"column":37},"end":{"line":78,"column":72}},"31":{"start":{"line":82,"column":4},"end":{"line":82,"column":30}},"32":{"start":{"line":86,"column":4},"end":{"line":94,"column":5}},"33":{"start":{"line":87,"column":6},"end":{"line":87,"column":36}},"34":{"start":{"line":88,"column":6},"end":{"line":88,"column":47}},"35":{"start":{"line":89,"column":6},"end":{"line":89,"column":45}},"36":{"start":{"line":90,"column":6},"end":{"line":90,"column":41}},"37":{"start":{"line":91,"column":6},"end":{"line":91,"column":45}},"38":{"start":{"line":92,"column":6},"end":{"line":92,"column":73}},"39":{"start":{"line":93,"column":6},"end":{"line":93,"column":25}},"40":{"start":{"line":106,"column":13},"end":{"line":106,"column":55}},"41":{"start":{"line":109,"column":33},"end":{"line":111,"column":1}},"42":{"start":{"line":110,"column":2},"end":{"line":110,"column":63}},"43":{"start":{"line":109,"column":13},"end":{"line":109,"column":33}}},"fnMap":{"0":{"name":"(anonymous_0)","decl":{"start":{"line":24,"column":2},"end":{"line":24,"column":null}},"loc":{"start":{"line":24,"column":2},"end":{"line":26,"column":3}}},"1":{"name":"(anonymous_1)","decl":{"start":{"line":97,"column":37},"end":{"line":97,"column":38}},"loc":{"start":{"line":97,"column":76},"end":{"line":103,"column":3}}},"2":{"name":"(anonymous_2)","decl":{"start":{"line":28,"column":9},"end":{"line":28,"column":15}},"loc":{"start":{"line":28,"column":27},"end":{"line":33,"column":3}}},"3":{"name":"(anonymous_3)","decl":{"start":{"line":35,"column":9},"end":{"line":35,"column":21}},"loc":{"start":{"line":35,"column":98},"end":{"line":46,"column":3}}},"4":{"name":"(anonymous_4)","decl":{"start":{"line":48,"column":9},"end":{"line":48,"column":23}},"loc":{"start":{"line":48,"column":100},"end":{"line":58,"column":3}}},"5":{"name":"(anonymous_5)","decl":{"start":{"line":60,"column":10},"end":{"line":60,"column":15}},"loc":{"start":{"line":60,"column":33},"end":{"line":83,"column":3}}},"6":{"name":"(anonymous_6)","decl":{"start":{"line":78,"column":26},"end":{"line":78,"column":33}},"loc":{"start":{"line":78,"column":37},"end":{"line":78,"column":72}}},"7":{"name":"(anonymous_7)","decl":{"start":{"line":85,"column":10},"end":{"line":85,"column":15}},"loc":{"start":{"line":85,"column":52},"end":{"line":95,"column":3}}},"8":{"name":"(anonymous_8)","decl":{"start":{"line":109,"column":33},"end":{"line":109,"column":34}},"loc":{"start":{"line":109,"column":80},"end":{"line":111,"column":1}}}},"branchMap":{"0":{"loc":{"start":{"line":99,"column":6},"end":{"line":99,"column":84}},"type":"cond-expr","locations":[{"start":{"line":99,"column":38},"end":{"line":99,"column":50}},{"start":{"line":99,"column":53},"end":{"line":99,"column":84}}]},"1":{"loc":{"start":{"line":29,"column":4},"end":{"line":31,"column":5}},"type":"if","locations":[{"start":{"line":29,"column":4},"end":{"line":31,"column":5}}]},"2":{"loc":{"start":{"line":35,"column":36},"end":{"line":35,"column":70}},"type":"default-arg","locations":[{"start":{"line":35,"column":62},"end":{"line":35,"column":70}}]},"3":{"loc":{"start":{"line":35,"column":72},"end":{"line":35,"column":98}},"type":"default-arg","locations":[{"start":{"line":35,"column":96},"end":{"line":35,"column":98}}]},"4":{"loc":{"start":{"line":48,"column":41},"end":{"line":48,"column":72}},"type":"default-arg","locations":[{"start":{"line":48,"column":67},"end":{"line":48,"column":72}}]},"5":{"loc":{"start":{"line":48,"column":74},"end":{"line":48,"column":100}},"type":"default-arg","locations":[{"start":{"line":48,"column":98},"end":{"line":48,"column":100}}]},"6":{"loc":{"start":{"line":61,"column":4},"end":{"line":61,"column":66}},"type":"if","locations":[{"start":{"line":61,"column":4},"end":{"line":61,"column":66}}]},"7":{"loc":{"start":{"line":61,"column":8},"end":{"line":61,"column":57}},"type":"binary-expr","locations":[{"start":{"line":61,"column":8},"end":{"line":61,"column":25}},{"start":{"line":61,"column":29},"end":{"line":61,"column":57}}]},"8":{"loc":{"start":{"line":66,"column":11},"end":{"line":66,"column":66}},"type":"binary-expr","locations":[{"start":{"line":66,"column":11},"end":{"line":66,"column":37}},{"start":{"line":66,"column":41},"end":{"line":66,"column":66}}]},"9":{"loc":{"start":{"line":74,"column":8},"end":{"line":77,"column":9}},"type":"if","locations":[{"start":{"line":74,"column":8},"end":{"line":77,"column":9}}]},"10":{"loc":{"start":{"line":86,"column":4},"end":{"line":94,"column":5}},"type":"if","locations":[{"start":{"line":86,"column":4},"end":{"line":94,"column":5}}]}},"s":{"0":4,"1":4,"2":4,"3":4,"4":1,"5":4,"6":4,"7":4,"8":4,"9":11,"10":11,"11":11,"12":2,"13":2,"14":2,"15":13,"16":1,"17":12,"18":12,"19":12,"20":14,"21":14,"22":14,"23":13,"24":13,"25":1,"26":1,"27":0,"28":0,"29":1,"30":1,"31":12,"32":12,"33":5,"34":5,"35":5,"36":5,"37":5,"38":5,"39":5,"40":4,"41":4,"42":0,"43":4},"f":{"0":4,"1":1,"2":4,"3":11,"4":2,"5":13,"6":1,"7":12,"8":0},"b":{"0":[1,0],"1":[4],"2":[0],"3":[3],"4":[0],"5":[0],"6":[1],"7":[13,12],"8":[26,14],"9":[0],"10":[5]}}
,"/Users/Sutan/Documents/atask/src/utils/performance.ts": {"path":"/Users/Sutan/Documents/atask/src/utils/performance.ts","statementMap":{"0":{"start":{"line":1,"column":24},"end":{"line":16,"column":1}},"1":{"start":{"line":5,"column":39},"end":{"line":5,"column":43}},"2":{"start":{"line":7,"column":2},"end":{"line":15,"column":4}},"3":{"start":{"line":8,"column":4},"end":{"line":10,"column":5}},"4":{"start":{"line":9,"column":6},"end":{"line":9,"column":28}},"5":{"start":{"line":12,"column":4},"end":{"line":14,"column":13}},"6":{"start":{"line":13,"column":6},"end":{"line":13,"column":20}},"7":{"start":{"line":1,"column":13},"end":{"line":1,"column":24}},"8":{"start":{"line":18,"column":24},"end":{"line":33,"column":1}},"9":{"start":{"line":22,"column":19},"end":{"line":22,"column":24}},"10":{"start":{"line":24,"column":2},"end":{"line":32,"column":4}},"11":{"start":{"line":25,"column":4},"end":{"line":31,"column":5}},"12":{"start":{"line":26,"column":6},"end":{"line":26,"column":20}},"13":{"start":{"line":27,"column":6},"end":{"line":27,"column":24}},"14":{"start":{"line":28,"column":6},"end":{"line":30,"column":16}},"15":{"start":{"line":29,"column":8},"end":{"line":29,"column":27}},"16":{"start":{"line":18,"column":13},"end":{"line":18,"column":24}},"17":{"start":{"line":35,"column":34},"end":{"line":60,"column":1}},"18":{"start":{"line":39,"column":16},"end":{"line":39,"column":33}},"19":{"start":{"line":40,"column":2},"end":{"line":59,"column":3}},"20":{"start":{"line":41,"column":19},"end":{"line":41,"column":36}},"21":{"start":{"line":42,"column":16},"end":{"line":42,"column":33}},"22":{"start":{"line":43,"column":21},"end":{"line":43,"column":32}},"23":{"start":{"line":45,"column":4},"end":{"line":47,"column":5}},"24":{"start":{"line":46,"column":6},"end":{"line":46,"column":68}},"25":{"start":{"line":49,"column":4},"end":{"line":49,"column":18}},"26":{"start":{"line":51,"column":16},"end":{"line":51,"column":33}},"27":{"start":{"line":52,"column":21},"end":{"line":52,"column":32}},"28":{"start":{"line":54,"column":4},"end":{"line":56,"column":5}},"29":{"start":{"line":55,"column":6},"end":{"line":55,"column":85}},"30":{"start":{"line":58,"column":4},"end":{"line":58,"column":16}},"31":{"start":{"line":35,"column":13},"end":{"line":35,"column":34}},"32":{"start":{"line":62,"column":30},"end":{"line":81,"column":1}},"33":{"start":{"line":66,"column":16},"end":{"line":66,"column":78}},"34":{"start":{"line":68,"column":2},"end":{"line":80,"column":4}},"35":{"start":{"line":69,"column":16},"end":{"line":69,"column":36}},"36":{"start":{"line":70,"column":19},"end":{"line":70,"column":33}},"37":{"start":{"line":71,"column":16},"end":{"line":71,"column":26}},"38":{"start":{"line":73,"column":4},"end":{"line":75,"column":5}},"39":{"start":{"line":74,"column":6},"end":{"line":74,"column":26}},"40":{"start":{"line":77,"column":19},"end":{"line":77,"column":49}},"41":{"start":{"line":78,"column":4},"end":{"line":78,"column":54}},"42":{"start":{"line":79,"column":4},"end":{"line":79,"column":18}},"43":{"start":{"line":62,"column":13},"end":{"line":62,"column":30}},"44":{"start":{"line":83,"column":32},"end":{"line":101,"column":1}},"45":{"start":{"line":89,"column":25},"end":{"line":93,"column":4}},"46":{"start":{"line":90,"column":4},"end":{"line":92,"column":18}},"47":{"start":{"line":91,"column":6},"end":{"line":91,"column":68}},"48":{"start":{"line":95,"column":2},"end":{"line":100,"column":5}},"49":{"start":{"line":99,"column":4},"end":{"line":99,"column":28}},"50":{"start":{"line":83,"column":13},"end":{"line":83,"column":32}}},"fnMap":{"0":{"name":"(anonymous_0)","decl":{"start":{"line":1,"column":24},"end":{"line":1,"column":null}},"loc":{"start":{"line":4,"column":40},"end":{"line":16,"column":1}}},"1":{"name":"(anonymous_1)","decl":{"start":{"line":7,"column":9},"end":{"line":7,"column":10}},"loc":{"start":{"line":7,"column":36},"end":{"line":15,"column":3}}},"2":{"name":"(anonymous_2)","decl":{"start":{"line":12,"column":25},"end":{"line":12,"column":28}},"loc":{"start":{"line":12,"column":30},"end":{"line":14,"column":5}}},"3":{"name":"(anonymous_3)","decl":{"start":{"line":18,"column":24},"end":{"line":18,"column":null}},"loc":{"start":{"line":21,"column":40},"end":{"line":33,"column":1}}},"4":{"name":"(anonymous_4)","decl":{"start":{"line":24,"column":9},"end":{"line":24,"column":10}},"loc":{"start":{"line":24,"column":36},"end":{"line":32,"column":3}}},"5":{"name":"(anonymous_5)","decl":{"start":{"line":28,"column":17},"end":{"line":28,"column":20}},"loc":{"start":{"line":28,"column":22},"end":{"line":30,"column":7}}},"6":{"name":"(anonymous_6)","decl":{"start":{"line":35,"column":34},"end":{"line":35,"column":39}},"loc":{"start":{"line":38,"column":16},"end":{"line":60,"column":1}}},"7":{"name":"(anonymous_7)","decl":{"start":{"line":62,"column":30},"end":{"line":62,"column":null}},"loc":{"start":{"line":65,"column":49},"end":{"line":81,"column":1}}},"8":{"name":"(anonymous_8)","decl":{"start":{"line":68,"column":9},"end":{"line":68,"column":10}},"loc":{"start":{"line":68,"column":36},"end":{"line":80,"column":3}}},"9":{"name":"(anonymous_9)","decl":{"start":{"line":83,"column":32},"end":{"line":83,"column":null}},"loc":{"start":{"line":86,"column":16},"end":{"line":101,"column":1}}},"10":{"name":"(anonymous_10)","decl":{"start":{"line":89,"column":44},"end":{"line":89,"column":45}},"loc":{"start":{"line":89,"column":58},"end":{"line":93,"column":3}}},"11":{"name":"(anonymous_11)","decl":{"start":{"line":90,"column":27},"end":{"line":90,"column":30}},"loc":{"start":{"line":90,"column":32},"end":{"line":92,"column":5}}},"12":{"name":"(anonymous_12)","decl":{"start":{"line":98,"column":13},"end":{"line":98,"column":16}},"loc":{"start":{"line":98,"column":18},"end":{"line":100,"column":3}}}},"branchMap":{"0":{"loc":{"start":{"line":8,"column":4},"end":{"line":10,"column":5}},"type":"if","locations":[{"start":{"line":8,"column":4},"end":{"line":10,"column":5}}]},"1":{"loc":{"start":{"line":25,"column":4},"end":{"line":31,"column":5}},"type":"if","locations":[{"start":{"line":25,"column":4},"end":{"line":31,"column":5}}]},"2":{"loc":{"start":{"line":45,"column":4},"end":{"line":47,"column":5}},"type":"if","locations":[{"start":{"line":45,"column":4},"end":{"line":47,"column":5}}]},"3":{"loc":{"start":{"line":54,"column":4},"end":{"line":56,"column":5}},"type":"if","locations":[{"start":{"line":54,"column":4},"end":{"line":56,"column":5}}]},"4":{"loc":{"start":{"line":64,"column":2},"end":{"line":64,"column":29}},"type":"default-arg","locations":[{"start":{"line":64,"column":16},"end":{"line":64,"column":29}}]},"5":{"loc":{"start":{"line":73,"column":4},"end":{"line":75,"column":5}},"type":"if","locations":[{"start":{"line":73,"column":4},"end":{"line":75,"column":5}}]},"6":{"loc":{"start":{"line":73,"column":8},"end":{"line":73,"column":46}},"type":"binary-expr","locations":[{"start":{"line":73,"column":8},"end":{"line":73,"column":14}},{"start":{"line":73,"column":18},"end":{"line":73,"column":46}}]}},"s":{"0":3,"1":7,"2":7,"3":9,"4":5,"5":9,"6":4,"7":3,"8":3,"9":1,"10":1,"11":4,"12":2,"13":2,"14":2,"15":1,"16":3,"17":3,"18":2,"19":2,"20":2,"21":1,"22":1,"23":1,"24":1,"25":1,"26":1,"27":1,"28":1,"29":1,"30":1,"31":3,"32":3,"33":1,"34":1,"35":3,"36":3,"37":3,"38":3,"39":1,"40":2,"41":2,"42":2,"43":3,"44":3,"45":3,"46":3,"47":1,"48":3,"49":3,"50":3},"f":{"0":7,"1":9,"2":4,"3":1,"4":4,"5":1,"6":2,"7":1,"8":3,"9":3,"10":3,"11":1,"12":3},"b":{"0":[5],"1":[2],"2":[1],"3":[1],"4":[0],"5":[1],"6":[3,2]}}
}
