TN:
SF:src/App.tsx
FN:10,AppContent
FN:61,App
FNF:2
FNH:2
FNDA:3,AppContent
FNDA:3,App
DA:1,1
DA:2,1
DA:3,1
DA:4,1
DA:5,1
DA:6,1
DA:7,1
DA:8,1
DA:11,3
DA:13,3
DA:62,3
DA:69,1
LF:12
LH:12
BRDA:23,0,0,1
BRDA:23,0,1,2
BRF:2
BRH:2
end_of_record
TN:
SF:src/api/github.ts
FN:6,getGithubToken
FN:23,(anonymous_1)
FN:31,(anonymous_2)
FN:54,(anonymous_3)
FN:61,(anonymous_4)
FN:83,(anonymous_5)
FN:99,(anonymous_6)
FNF:7
FNH:0
FNDA:0,getGithubToken
FNDA:0,(anonymous_1)
FNDA:0,(anonymous_2)
FNDA:0,(anonymous_3)
FNDA:0,(anonymous_4)
FNDA:0,(anonymous_5)
FNDA:0,(anonymous_6)
DA:7,0
DA:8,0
DA:11,0
DA:12,0
DA:15,0
DA:17,0
DA:19,0
DA:23,0
DA:33,0
DA:34,0
DA:36,0
DA:37,0
DA:53,0
DA:55,0
DA:56,0
DA:57,0
DA:61,0
DA:68,0
DA:69,0
DA:70,0
DA:72,0
DA:73,0
DA:79,0
DA:89,0
DA:90,0
DA:91,0
DA:99,0
DA:114,0
DA:115,0
DA:117,0
DA:122,0
DA:123,0
DA:124,0
DA:126,0
DA:127,0
DA:133,0
LF:36
LH:0
BRDA:7,0,0,0
BRDA:8,1,0,0
BRDA:8,1,1,0
BRDA:11,2,0,0
BRDA:11,3,0,0
BRDA:11,3,1,0
BRDA:23,4,0,0
BRDA:54,5,0,0
BRDA:68,6,0,0
BRDA:69,7,0,0
BRDA:74,8,0,0
BRDA:74,8,1,0
BRDA:74,8,2,0
BRDA:85,9,0,0
BRDA:86,10,0,0
BRDA:87,11,0,0
BRDA:105,12,0,0
BRDA:105,12,1,0
BRDA:106,13,0,0
BRDA:106,13,1,0
BRDA:107,14,0,0
BRDA:107,14,1,0
BRDA:115,15,0,0
BRDA:115,15,1,0
BRDA:122,16,0,0
BRDA:123,17,0,0
BRDA:128,18,0,0
BRDA:128,18,1,0
BRDA:128,18,2,0
BRF:29
BRH:0
end_of_record
TN:
SF:src/components/ErrorBoundary.tsx
FN:16,(anonymous_1)
FN:49,(anonymous_2)
FN:25,(anonymous_3)
FN:33,(anonymous_4)
FN:43,(anonymous_5)
FN:57,(anonymous_6)
FNF:6
FNH:2
FNDA:3,(anonymous_1)
FNDA:0,(anonymous_2)
FNDA:0,(anonymous_3)
FNDA:0,(anonymous_4)
FNDA:0,(anonymous_5)
FNDA:3,(anonymous_6)
DA:1,2
DA:15,2
DA:17,3
DA:18,3
DA:26,0
DA:35,0
DA:37,0
DA:45,0
DA:46,0
DA:49,3
DA:50,0
DA:58,3
DA:59,0
DA:82,3
LF:14
LH:7
BRDA:58,0,0,0
BRDA:59,1,0,0
BRDA:59,1,1,0
BRDA:64,2,0,0
BRDA:64,2,1,0
BRDA:73,3,0,0
BRDA:73,3,1,0
BRF:7
BRH:0
end_of_record
TN:
SF:src/components/ui/Input.tsx
FN:10,(anonymous_1)
FNF:1
FNH:1
FNDA:17,(anonymous_1)
DA:1,1
DA:2,1
DA:9,1
DA:11,17
LF:4
LH:4
BRDA:13,0,0,17
BRDA:13,0,1,0
BRDA:29,1,0,17
BRDA:29,1,1,2
BRDA:32,2,0,2
BRDA:32,2,1,15
BRDA:33,3,0,2
BRDA:33,3,1,15
BRDA:37,4,0,17
BRDA:37,4,1,2
BRF:10
BRH:9
end_of_record
TN:
SF:src/components/ui/Skeleton.tsx
FN:8,(anonymous_1)
FNF:1
FNH:1
FNDA:27,(anonymous_1)
DA:2,4
DA:8,4
DA:9,27
LF:3
LH:3
BRF:0
BRH:0
end_of_record
TN:
SF:src/features/repositories/repositoriesSaga.ts
FN:18,(anonymous_0)
FN:19,(anonymous_1)
FN:21,handleFetchRepositories
FN:41,(anonymous_3)
FN:44,(anonymous_4)
FN:93,repositoriesSaga
FNF:6
FNH:0
FNDA:0,(anonymous_0)
FNDA:0,(anonymous_1)
FNDA:0,handleFetchRepositories
FNDA:0,(anonymous_3)
FNDA:0,(anonymous_4)
FNDA:0,repositoriesSaga
DA:18,0
DA:19,0
DA:22,0
DA:24,0
DA:26,0
DA:27,0
DA:30,0
DA:31,0
DA:32,0
DA:34,0
DA:35,0
DA:38,0
DA:41,0
DA:42,0
DA:44,0
DA:57,0
DA:65,0
DA:66,0
DA:71,0
DA:74,0
DA:75,0
DA:87,0
DA:89,0
DA:94,0
LF:24
LH:0
BRDA:26,0,0,0
BRDA:34,1,0,0
BRDA:65,2,0,0
BRDA:74,3,0,0
BRDA:74,3,1,0
BRDA:76,4,0,0
BRDA:76,4,1,0
BRF:7
BRH:0
end_of_record
TN:
SF:src/features/repositories/repositoriesSlice.ts
FN:18,(anonymous_0)
FN:22,(anonymous_1)
FN:29,(anonymous_2)
FN:33,(anonymous_3)
FN:36,(anonymous_4)
FNF:5
FNH:0
FNDA:0,(anonymous_0)
FNDA:0,(anonymous_1)
FNDA:0,(anonymous_2)
FNDA:0,(anonymous_3)
FNDA:0,(anonymous_4)
DA:1,2
DA:5,2
DA:14,2
DA:19,0
DA:20,0
DA:23,0
DA:24,0
DA:25,0
DA:26,0
DA:27,0
DA:30,0
DA:31,0
DA:34,0
DA:37,0
DA:38,0
DA:39,0
DA:40,0
DA:41,0
DA:46,2
DA:54,2
LF:20
LH:5
BRF:0
BRH:0
end_of_record
TN:
SF:src/features/repositories/selectors.ts
FN:4,(anonymous_0)
FN:8,(anonymous_1)
FN:13,(anonymous_2)
FN:18,(anonymous_3)
FN:23,(anonymous_4)
FNF:5
FNH:5
FNDA:28,(anonymous_0)
FNDA:6,(anonymous_1)
FNDA:6,(anonymous_2)
FNDA:6,(anonymous_3)
FNDA:6,(anonymous_4)
DA:1,1
DA:4,28
DA:6,1
DA:8,6
DA:11,1
DA:13,6
DA:16,1
DA:18,6
DA:21,1
DA:23,6
LF:10
LH:10
BRDA:8,0,0,6
BRDA:8,0,1,0
BRF:2
BRH:1
end_of_record
TN:
SF:src/features/repositories/components/RepositoryItem.tsx
FN:7,(anonymous_0)
FNF:1
FNH:1
FNDA:4,(anonymous_0)
DA:7,2
DA:8,4
LF:2
LH:2
BRDA:22,0,0,4
BRDA:22,0,1,3
BRDA:30,1,0,4
BRDA:30,1,1,3
BRF:4
BRH:4
end_of_record
TN:
SF:src/features/repositories/components/RepositoryList.tsx
FN:16,(anonymous_0)
FN:27,(anonymous_1)
FN:34,(anonymous_2)
FN:37,(anonymous_3)
FN:63,(anonymous_4)
FN:89,(anonymous_5)
FN:109,(anonymous_6)
FNF:7
FNH:4
FNDA:3,(anonymous_0)
FNDA:6,(anonymous_1)
FNDA:0,(anonymous_2)
FNDA:0,(anonymous_3)
FNDA:3,(anonymous_4)
FNDA:0,(anonymous_5)
FNDA:2,(anonymous_6)
DA:1,1
DA:2,1
DA:3,1
DA:4,1
DA:5,1
DA:6,1
DA:8,1
DA:14,1
DA:16,1
DA:17,3
DA:27,1
DA:28,6
DA:29,6
DA:30,6
DA:31,6
DA:32,6
DA:34,6
DA:35,0
DA:36,0
DA:43,0
DA:44,0
DA:52,6
DA:53,1
DA:60,5
DA:61,1
DA:64,3
DA:76,4
DA:77,1
DA:82,1
DA:89,0
DA:98,3
DA:99,1
DA:106,2
DA:110,2
LF:34
LH:29
BRDA:43,0,0,0
BRDA:52,1,0,1
BRDA:60,2,0,1
BRDA:76,3,0,1
BRDA:98,4,0,1
BRDA:112,5,0,2
BRDA:112,5,1,1
BRF:7
BRH:6
end_of_record
TN:
SF:src/features/search/api.ts
FN:4,(anonymous_0)
FN:9,(anonymous_1)
FNF:2
FNH:1
FNDA:1,(anonymous_0)
FNDA:0,(anonymous_1)
DA:1,1
DA:4,1
DA:5,1
DA:7,1
DA:8,1
DA:9,1
DA:16,1
DA:17,0
DA:19,1
LF:9
LH:8
BRDA:5,0,0,0
BRDA:16,1,0,0
BRDA:19,2,0,1
BRDA:19,2,1,0
BRF:4
BRH:1
end_of_record
TN:
SF:src/features/search/searchSaga.ts
FN:20,handleSearchQuery
FN:43,searchSaga
FNF:2
FNH:2
FNDA:8,handleSearchQuery
FNDA:5,searchSaga
DA:1,2
DA:10,2
DA:11,2
DA:13,2
DA:21,8
DA:23,8
DA:24,1
DA:25,1
DA:28,7
DA:29,7
DA:30,6
DA:31,3
DA:33,3
DA:34,0
DA:35,3
DA:36,3
DA:38,0
DA:43,2
DA:44,5
LF:19
LH:17
BRDA:23,0,0,1
BRDA:33,1,0,0
BRDA:33,1,1,3
BRDA:35,2,0,3
BRDA:35,2,1,0
BRDA:36,3,0,3
BRDA:36,3,1,0
BRF:7
BRH:4
end_of_record
TN:
SF:src/features/search/searchSlice.ts
FN:21,(anonymous_0)
FN:26,(anonymous_1)
FN:31,(anonymous_2)
FN:36,(anonymous_3)
FN:39,(anonymous_4)
FN:44,(anonymous_5)
FNF:6
FNH:5
FNDA:11,(anonymous_0)
FNDA:5,(anonymous_1)
FNDA:4,(anonymous_2)
FNDA:2,(anonymous_3)
FNDA:0,(anonymous_4)
FNDA:1,(anonymous_5)
DA:1,5
DA:9,5
DA:17,5
DA:22,11
DA:23,11
DA:24,11
DA:27,5
DA:28,5
DA:29,5
DA:32,4
DA:33,4
DA:34,4
DA:37,2
DA:40,0
DA:41,0
DA:42,0
DA:45,1
DA:50,5
DA:59,5
LF:19
LH:16
BRF:0
BRH:0
end_of_record
TN:
SF:src/features/search/selectors.ts
FN:4,(anonymous_0)
FN:8,(anonymous_1)
FN:13,(anonymous_2)
FN:18,(anonymous_3)
FN:23,(anonymous_4)
FN:28,(anonymous_5)
FNF:6
FNH:6
FNDA:100,(anonymous_0)
FNDA:11,(anonymous_1)
FNDA:14,(anonymous_2)
FNDA:24,(anonymous_3)
FNDA:18,(anonymous_4)
FNDA:20,(anonymous_5)
DA:1,4
DA:4,100
DA:6,4
DA:8,11
DA:11,4
DA:13,14
DA:16,4
DA:18,24
DA:21,4
DA:23,18
DA:26,4
DA:28,20
LF:12
LH:12
BRF:0
BRH:0
end_of_record
TN:
SF:src/features/search/components/SearchInput.tsx
FN:10,(anonymous_0)
FN:30,(anonymous_1)
FN:35,(anonymous_2)
FN:43,(anonymous_3)
FN:44,(anonymous_4)
FN:49,(anonymous_5)
FN:86,(anonymous_6)
FN:87,(anonymous_7)
FN:91,(anonymous_8)
FN:100,(anonymous_9)
FN:116,(anonymous_10)
FN:118,(anonymous_11)
FN:120,(anonymous_12)
FN:121,(anonymous_13)
FNF:14
FNH:14
FNDA:23,(anonymous_0)
FNDA:9,(anonymous_1)
FNDA:9,(anonymous_2)
FNDA:6,(anonymous_3)
FNDA:6,(anonymous_4)
FNDA:3,(anonymous_5)
FNDA:6,(anonymous_6)
FNDA:3,(anonymous_7)
FNDA:6,(anonymous_8)
FNDA:6,(anonymous_9)
FNDA:1,(anonymous_10)
FNDA:1,(anonymous_11)
FNDA:1,(anonymous_12)
FNDA:1,(anonymous_13)
DA:1,1
DA:2,1
DA:3,1
DA:4,1
DA:5,1
DA:6,1
DA:7,1
DA:8,1
DA:10,1
DA:11,23
DA:12,23
DA:13,23
DA:14,23
DA:15,23
DA:16,23
DA:17,23
DA:24,23
DA:30,23
DA:31,9
DA:35,23
DA:36,9
DA:37,3
DA:38,3
DA:43,23
DA:44,6
DA:45,6
DA:49,23
DA:50,3
DA:51,3
DA:53,3
DA:54,0
DA:58,3
DA:60,3
DA:65,3
DA:67,0
DA:68,0
DA:69,0
DA:73,0
DA:76,0
DA:80,0
DA:86,23
DA:87,6
DA:88,3
DA:91,6
DA:92,6
DA:94,6
DA:99,23
DA:101,6
DA:102,6
DA:104,6
DA:105,0
DA:106,0
DA:109,6
DA:110,6
DA:116,23
DA:117,1
DA:118,1
DA:119,1
DA:120,1
DA:121,1
DA:122,1
DA:123,1
DA:125,0
DA:128,1
DA:134,23
LF:65
LH:55
BRDA:36,0,0,3
BRDA:53,1,0,0
BRDA:67,2,0,0
BRDA:68,3,0,0
BRDA:92,4,0,6
BRDA:104,5,0,0
BRDA:109,6,0,6
BRDA:117,7,0,1
BRDA:122,8,0,1
BRDA:122,8,1,0
BRDA:122,9,0,1
BRDA:122,9,1,1
BRDA:142,10,0,23
BRDA:142,10,1,21
BRDA:146,11,0,23
BRDA:146,11,1,2
BRDA:153,12,0,0
BRDA:153,12,1,2
BRDA:155,13,0,2
BRDA:155,13,1,2
BRF:20
BRH:14
end_of_record
TN:
SF:src/features/search/components/SearchResults.tsx
FN:11,(anonymous_0)
FN:18,(anonymous_1)
FN:28,(anonymous_2)
FN:43,(anonymous_3)
FN:49,(anonymous_4)
FNF:5
FNH:5
FNDA:3,(anonymous_0)
FNDA:6,(anonymous_1)
FNDA:3,(anonymous_2)
FNDA:4,(anonymous_3)
FNDA:1,(anonymous_4)
DA:1,1
DA:2,1
DA:3,1
DA:8,1
DA:11,1
DA:12,3
DA:18,1
DA:19,6
DA:20,6
DA:21,6
DA:22,6
DA:24,6
DA:25,1
DA:29,3
DA:36,5
DA:37,1
DA:40,4
DA:44,4
DA:49,1
LF:19
LH:19
BRDA:24,0,0,1
BRDA:36,1,0,1
BRDA:47,2,0,2
BRDA:47,2,1,2
BRF:4
BRH:4
end_of_record
TN:
SF:src/features/search/components/UserList.tsx
FN:17,(anonymous_0)
FN:29,(anonymous_1)
FN:46,(anonymous_2)
FN:49,(anonymous_3)
FN:66,(anonymous_4)
FN:68,(anonymous_5)
FN:75,(anonymous_6)
FN:121,(anonymous_7)
FN:124,(anonymous_8)
FNF:9
FNH:7
FNDA:3,(anonymous_0)
FNDA:8,(anonymous_1)
FNDA:1,(anonymous_2)
FNDA:1,(anonymous_3)
FNDA:0,(anonymous_4)
FNDA:0,(anonymous_5)
FNDA:3,(anonymous_6)
FNDA:7,(anonymous_7)
FNDA:1,(anonymous_8)
DA:1,2
DA:2,2
DA:3,2
DA:4,2
DA:5,2
DA:6,2
DA:7,2
DA:8,2
DA:9,2
DA:17,2
DA:18,3
DA:29,2
DA:30,8
DA:31,8
DA:32,8
DA:33,8
DA:34,8
DA:41,8
DA:46,8
DA:47,1
DA:48,1
DA:50,1
DA:51,1
DA:56,0
DA:57,0
DA:61,0
DA:66,8
DA:67,0
DA:68,0
DA:72,8
DA:73,1
DA:76,3
DA:84,7
DA:85,2
DA:89,2
DA:110,5
DA:111,1
DA:118,4
DA:122,7
DA:124,1
LF:40
LH:35
BRDA:56,0,0,0
BRDA:67,1,0,0
BRDA:72,2,0,1
BRDA:84,3,0,2
BRDA:98,4,0,1
BRDA:98,4,1,1
BRDA:100,5,0,2
BRDA:100,5,1,1
BRDA:110,6,0,1
BRDA:110,7,0,5
BRDA:110,7,1,5
BRDA:126,8,0,1
BRDA:126,8,1,6
BRF:13
BRH:11
end_of_record
TN:
SF:src/hooks/useDataFetching.ts
FN:26,useDataFetching
FN:44,(anonymous_1)
FN:54,(anonymous_2)
FN:79,(anonymous_3)
FN:84,(anonymous_4)
FN:87,(anonymous_5)
FN:96,(anonymous_6)
FN:97,(anonymous_7)
FN:101,(anonymous_8)
FN:104,(anonymous_9)
FNF:10
FNH:0
FNDA:0,useDataFetching
FNDA:0,(anonymous_1)
FNDA:0,(anonymous_2)
FNDA:0,(anonymous_3)
FNDA:0,(anonymous_4)
FNDA:0,(anonymous_5)
FNDA:0,(anonymous_6)
FNDA:0,(anonymous_7)
FNDA:0,(anonymous_8)
FNDA:0,(anonymous_9)
DA:19,0
DA:31,0
DA:38,0
DA:39,0
DA:42,0
DA:45,0
DA:46,0
DA:48,0
DA:49,0
DA:54,0
DA:62,0
DA:64,0
DA:65,0
DA:70,0
DA:79,0
DA:80,0
DA:81,0
DA:83,0
DA:84,0
DA:85,0
DA:87,0
DA:96,0
DA:97,0
DA:98,0
DA:101,0
DA:102,0
DA:104,0
DA:105,0
DA:106,0
DA:111,0
LF:30
LH:0
BRDA:28,0,0,0
BRDA:29,1,0,0
BRDA:64,2,0,0
BRDA:83,3,0,0
BRDA:83,3,1,0
BRDA:83,4,0,0
BRDA:83,4,1,0
BRDA:83,5,0,0
BRDA:83,5,1,0
BRDA:89,6,0,0
BRDA:89,6,1,0
BRDA:105,7,0,0
BRF:12
BRH:0
end_of_record
TN:
SF:src/hooks/useRetry.ts
FN:19,(anonymous_0)
FN:26,(anonymous_1)
FN:30,(anonymous_2)
FN:45,(anonymous_3)
FNF:4
FNH:4
FNDA:34,(anonymous_0)
FNDA:5,(anonymous_1)
FNDA:8,(anonymous_2)
FNDA:7,(anonymous_3)
DA:1,2
DA:2,2
DA:19,2
DA:24,34
DA:26,34
DA:27,5
DA:30,34
DA:31,8
DA:32,1
DA:40,1
DA:41,1
DA:44,7
DA:45,7
DA:46,7
DA:48,2
DA:50,5
DA:51,5
DA:61,5
DA:62,5
DA:67,34
LF:20
LH:20
BRDA:20,0,0,3
BRDA:31,1,0,1
BRDA:50,2,0,5
BRDA:61,3,0,5
BRF:4
BRH:4
end_of_record
TN:
SF:src/store/index.ts
FN:11,(anonymous_0)
FNF:1
FNH:0
FNDA:0,(anonymous_0)
DA:7,0
DA:9,0
DA:12,0
DA:19,0
LF:4
LH:0
BRF:0
BRH:0
end_of_record
TN:
SF:src/store/reducers.ts
FNF:0
FNH:0
DA:9,0
LF:1
LH:0
BRF:0
BRH:0
end_of_record
TN:
SF:src/store/rootReducer.ts
FNF:0
FNH:0
DA:1,1
DA:2,1
DA:4,1
LF:3
LH:3
BRF:0
BRH:0
end_of_record
TN:
SF:src/store/rootSaga.ts
FN:4,rootSaga
FNF:1
FNH:0
FNDA:0,rootSaga
DA:5,0
LF:1
LH:0
BRF:0
BRH:0
end_of_record
TN:
SF:src/store/sagas.ts
FN:9,rootSaga
FNF:1
FNH:0
FNDA:0,rootSaga
DA:10,0
LF:1
LH:0
BRF:0
BRH:0
end_of_record
TN:
SF:src/store/store.ts
FN:10,(anonymous_0)
FNF:1
FNH:0
FNDA:0,(anonymous_0)
DA:6,0
DA:8,0
DA:11,0
DA:19,0
LF:4
LH:0
BRF:0
BRH:0
end_of_record
TN:
SF:src/utils/errorTracking.ts
FN:24,(anonymous_0)
FN:98,(anonymous_1)
FN:28,(anonymous_2)
FN:35,(anonymous_3)
FN:48,(anonymous_4)
FN:60,(anonymous_5)
FN:78,(anonymous_6)
FN:85,(anonymous_7)
FN:110,(anonymous_8)
FNF:9
FNH:8
FNDA:4,(anonymous_0)
FNDA:1,(anonymous_1)
FNDA:4,(anonymous_2)
FNDA:11,(anonymous_3)
FNDA:2,(anonymous_4)
FNDA:13,(anonymous_5)
FNDA:1,(anonymous_6)
FNDA:12,(anonymous_7)
FNDA:0,(anonymous_8)
DA:20,4
DA:21,4
DA:22,4
DA:25,4
DA:29,4
DA:30,4
DA:32,4
DA:36,11
DA:44,11
DA:45,11
DA:49,2
DA:56,2
DA:57,2
DA:61,13
DA:63,12
DA:64,12
DA:66,12
DA:67,14
DA:68,14
DA:69,14
DA:70,13
DA:71,13
DA:73,1
DA:74,1
DA:75,0
DA:76,0
DA:78,1
DA:82,12
DA:87,12
DA:88,5
DA:89,5
DA:90,5
DA:91,5
DA:92,5
DA:93,5
DA:94,5
DA:98,4
DA:99,1
DA:107,4
DA:110,4
DA:111,0
LF:41
LH:38
BRDA:100,0,0,1
BRDA:100,0,1,0
BRDA:29,1,0,4
BRDA:35,2,0,0
BRDA:35,3,0,3
BRDA:48,4,0,0
BRDA:48,5,0,0
BRDA:61,6,0,1
BRDA:61,7,0,13
BRDA:61,7,1,12
BRDA:66,8,0,26
BRDA:66,8,1,14
BRDA:74,9,0,0
BRDA:87,10,0,5
BRF:14
BRH:9
end_of_record
TN:
SF:src/utils/performance.ts
FN:1,(anonymous_0)
FN:7,(anonymous_1)
FN:12,(anonymous_2)
FN:18,(anonymous_3)
FN:24,(anonymous_4)
FN:28,(anonymous_5)
FN:35,(anonymous_6)
FN:62,(anonymous_7)
FN:68,(anonymous_8)
FN:83,(anonymous_9)
FN:89,(anonymous_10)
FN:90,(anonymous_11)
FN:98,(anonymous_12)
FNF:13
FNH:13
FNDA:7,(anonymous_0)
FNDA:9,(anonymous_1)
FNDA:4,(anonymous_2)
FNDA:1,(anonymous_3)
FNDA:4,(anonymous_4)
FNDA:1,(anonymous_5)
FNDA:2,(anonymous_6)
FNDA:1,(anonymous_7)
FNDA:3,(anonymous_8)
FNDA:3,(anonymous_9)
FNDA:3,(anonymous_10)
FNDA:1,(anonymous_11)
FNDA:3,(anonymous_12)
DA:1,3
DA:5,7
DA:7,7
DA:8,9
DA:9,5
DA:12,9
DA:13,4
DA:18,3
DA:22,1
DA:24,1
DA:25,4
DA:26,2
DA:27,2
DA:28,2
DA:29,1
DA:35,3
DA:39,2
DA:40,2
DA:41,2
DA:42,1
DA:43,1
DA:45,1
DA:46,1
DA:49,1
DA:51,1
DA:52,1
DA:54,1
DA:55,1
DA:58,1
DA:62,3
DA:66,1
DA:68,1
DA:69,3
DA:70,3
DA:71,3
DA:73,3
DA:74,1
DA:77,2
DA:78,2
DA:79,2
DA:83,3
DA:89,3
DA:90,3
DA:91,1
DA:95,3
DA:99,3
LF:46
LH:46
BRDA:8,0,0,5
BRDA:25,1,0,2
BRDA:45,2,0,1
BRDA:54,3,0,1
BRDA:64,4,0,0
BRDA:73,5,0,1
BRDA:73,6,0,3
BRDA:73,6,1,2
BRF:8
BRH:7
end_of_record
